Сохранение данных с 2022-07-10 до 2022-07-13   2022-07-13 10:17:19   true
Сохранение данных о простоях. Параметры: мин. вр. погрузки = 0, макс. вр. погрузки 30, мин. вр. выгрузки = 0, макс. вр. выгрузки 30   2022-07-13 10:17:26   true
Сохранение данных о дистанции и времени поездки. Параметры: мин. вр. перевозки = 1.0, макс. вр. перевозки = 15.0   2022-07-13 10:17:37   true
Получение сгруппированных данных о дистанции времени перевозки   2022-07-13 10:17:47   true
Сохранение данных с 2022-07-12 до 2022-07-13   2022-07-13 10:54:48   true
Получение сырых данных   2022-07-13 10:54:55   true
Сохранение данных о простоях. Параметры: мин. вр. погрузки = 0, макс. вр. погрузки 30, мин. вр. выгрузки = 0, макс. вр. выгрузки 30   2022-07-13 10:56:08   true
Получение сгруппированных данных о выгрузках и погрузках   2022-07-13 10:56:15   true
Получение сырых данных   2022-07-13 11:02:23   true
Сохранение данных о простоях. Параметры: мин. вр. погрузки = 0, макс. вр. погрузки 30, мин. вр. выгрузки = 0, макс. вр. выгрузки 30   2022-07-13 11:02:39   true
Получение сгруппированных данных о выгрузках и погрузках   2022-07-13 11:02:41   true
Сохранение данных о простоях. Параметры: мин. вр. погрузки = 0, макс. вр. погрузки 30, мин. вр. выгрузки = 0, макс. вр. выгрузки 30   2022-07-13 11:03:40   true
Получение сгруппированных данных о выгрузках и погрузках   2022-07-13 11:03:42   true
Сохранение данных о дистанции и времени поездки. Параметры: мин. вр. перевозки = 50.0, макс. вр. перевозки = 1.0   2022-07-13 11:05:33   true
Получение сгруппированных данных о дистанции времени перевозки   2022-07-13 11:05:35   true
Сохранение данных о дистанции и времени поездки. Параметры: мин. вр. перевозки = 1.0, макс. вр. перевозки = 50.0   2022-07-13 11:05:43   true
Получение сгруппированных данных о дистанции времени перевозки   2022-07-13 11:05:45   true
Сохранение данных о дистанции и времени поездки. Параметры: мин. вр. перевозки = 1.0, макс. вр. перевозки = 50.0   2022-07-13 11:07:21   true
Получение сгруппированных данных о дистанции времени перевозки   2022-07-13 11:07:51   true
Сохранение данных с 2022-07-12 до 2022-07-13   2022-07-13 11:53:51   false
Сохранение данных с 2022-07-12 до 2022-07-13   2022-07-13 12:08:32   true
Сохранение данных с 2022-07-12 до 2022-07-13   2022-07-13 12:09:11   true
Сохранение данных с 2022-07-12 до 2022-07-13   2022-07-13 12:17:24   true
Сохранение данных с 2022-07-12 до 2022-07-13   2022-07-13 12:17:57   true
Сохранение данных с 2022-07-12 до 2022-07-13   2022-07-13 12:18:21   true
Сохранение данных с 2022-07-12 до 2022-07-13   2022-07-13 12:21:10   true
Сохранение данных с 2022-07-12 до 2022-07-13   2022-07-13 12:21:33   true
Сохранение данных с 2022-07-12 до 2022-07-13   2022-07-13 12:23:29   true
Сохранение данных с 2022-07-12 до 2022-07-13   2022-07-13 12:24:01   true
Сохранение данных с 2022-07-12 до 2022-07-13   2022-07-13 12:24:44   true
Сохранение данных с 2022-07-12 до 2022-07-13   2022-07-13 12:25:55   true
Сохранение данных с 2022-07-12 до 2022-07-13   2022-07-13 12:26:17   true
Сохранение данных с 2022-07-12 до 2022-07-13   2022-07-13 12:27:34   true
Сохранение данных с 2022-07-12 до 2022-07-13   2022-07-13 12:27:59   true
Сохранение данных с 2022-07-12 до 2022-07-13   2022-07-13 12:28:31   true
Сохранение данных с 2022-07-12 до 2022-07-13   2022-07-13 12:34:47   false
Сохранение данных с 2022-07-12 до 2022-07-13   2022-07-13 12:34:48   false
Сохранение данных с 2022-07-12 до 2022-07-13   2022-07-13 12:35:06   true
Получение сырых данных   2022-07-13 12:35:12   true
Сохранение данных с 2022-07-12 до 2022-07-13   2022-07-13 12:35:31   false
Сохранение данных с 2022-07-12 до 2022-07-13   2022-07-13 12:36:04   true
Сохранение данных с 2022-07-12 до 2022-07-13   2022-07-13 12:43:33   true
Сохранение данных с 2022-07-12 до 2022-07-13   2022-07-13 12:46:20   false
Сохранение данных с 2022-07-12 до 2022-07-13   2022-07-13 13:09:37   true
Сохранение данных о простоях. Параметры: мин. вр. погрузки = 0, макс. вр. погрузки 30, мин. вр. выгрузки = 0, макс. вр. выгрузки 30   2022-07-13 13:09:37   true
Сохранение данных о дистанции и времени поездки. Параметры: мин. вр. перевозки = 1.0, макс. вр. перевозки = 50.0   2022-07-13 13:09:37   true
Сохранение данных с 2022-07-12 до 2022-07-13   2022-07-13 13:21:52   true
Сохранение данных о простоях. Параметры: мин. вр. погрузки = 0, макс. вр. погрузки 30, мин. вр. выгрузки = 0, макс. вр. выгрузки 30   2022-07-13 13:21:52   true
Сохранение данных о дистанции и времени поездки. Параметры: мин. вр. перевозки = 1.0, макс. вр. перевозки = 50.0   2022-07-13 13:21:52   true
Сохранение данных с 2022-07-12 до 2022-07-13   2022-07-13 13:27:05   true
Сохранение данных о простоях. Параметры: мин. вр. погрузки = 0, макс. вр. погрузки 30, мин. вр. выгрузки = 0, макс. вр. выгрузки 30   2022-07-13 13:27:05   true
Сохранение данных о дистанции и времени поездки. Параметры: мин. вр. перевозки = 1.0, макс. вр. перевозки = 1.0   2022-07-13 13:27:05   true
Сохранение данных с 2022-07-12 до 2022-07-13   2022-07-13 13:28:29   true
Сохранение данных о простоях. Параметры: мин. вр. погрузки = 0, макс. вр. погрузки 30, мин. вр. выгрузки = 0, макс. вр. выгрузки 30   2022-07-13 13:28:29   true
Сохранение данных о дистанции и времени поездки. Параметры: мин. вр. перевозки = 1.0, макс. вр. перевозки = 50.0   2022-07-13 13:28:29   true
Сохранение данных с 2022-07-12 до 2022-07-13   2022-07-13 13:29:29   true
Сохранение данных о простоях. Параметры: мин. вр. погрузки = 0, макс. вр. погрузки 30, мин. вр. выгрузки = 0, макс. вр. выгрузки 30   2022-07-13 13:29:29   true
Сохранение данных о дистанции и времени поездки. Параметры: мин. вр. перевозки = 1.0, макс. вр. перевозки = 50.0   2022-07-13 13:29:29   true
Сохранение данных с 2022-07-12 до 2022-07-13   2022-07-13 13:30:54   true
Сохранение данных о простоях. Параметры: мин. вр. погрузки = 0, макс. вр. погрузки 30, мин. вр. выгрузки = 0, макс. вр. выгрузки 30   2022-07-13 13:30:54   true
Сохранение данных о дистанции и времени поездки. Параметры: мин. вр. перевозки = 1.0, макс. вр. перевозки = 50.0   2022-07-13 13:30:54   true
Получение сырых данных   2022-07-13 15:15:14   true
Сохранение данных с 2022-07-12 до 2022-07-13   2022-07-13 15:22:57   true
Сохранение данных с 2022-07-12 до 2022-07-13   2022-07-13 15:22:57   false
Сохранение данных с 2022-07-12 до 2022-07-13   2022-07-13 15:33:14   true
Сохранение данных с 2022-07-12 до 2022-07-13   2022-07-13 15:33:14   false
Сохранение данных о простоях. Параметры: мин. вр. погрузки = 0, макс. вр. погрузки 50, мин. вр. выгрузки = 0, макс. вр. выгрузки 50   2022-07-13 15:33:14   true
Сохранение данных о простоях. Параметры: мин. вр. погрузки = 0, макс. вр. погрузки 50, мин. вр. выгрузки = 0, макс. вр. выгрузки 50   2022-07-13 15:33:14   false
Сохранение данных о дистанции и времени поездки. Параметры: мин. вр. перевозки = 1.0, макс. вр. перевозки = 50.0   2022-07-13 15:33:14   true
Сохранение данных о дистанции и времени поездки. Параметры: мин. вр. перевозки = 1.0, макс. вр. перевозки = 50.0   2022-07-13 15:33:14   false
Сохранение данных с 2022-07-12 до 2022-07-13   2022-07-13 15:34:45   true
Сохранение данных с 2022-07-12 до 2022-07-13   2022-07-13 15:34:45   false
Сохранение данных о простоях. Параметры: мин. вр. погрузки = 0, макс. вр. погрузки 49, мин. вр. выгрузки = 0, макс. вр. выгрузки 49   2022-07-13 15:34:45   true
Сохранение данных о простоях. Параметры: мин. вр. погрузки = 0, макс. вр. погрузки 49, мин. вр. выгрузки = 0, макс. вр. выгрузки 49   2022-07-13 15:34:45   false
Сохранение данных о дистанции и времени поездки. Параметры: мин. вр. перевозки = 1.0, макс. вр. перевозки = 40.0   2022-07-13 15:34:45   true
Сохранение данных о дистанции и времени поездки. Параметры: мин. вр. перевозки = 1.0, макс. вр. перевозки = 40.0   2022-07-13 15:34:45   false
Сохранение данных с 2022-07-12 до 2022-07-13   2022-07-13 15:40:16   true
Сохранение данных о простоях. Параметры: мин. вр. погрузки = 0, макс. вр. погрузки 50, мин. вр. выгрузки = 0, макс. вр. выгрузки 50   2022-07-13 15:40:16   true
Сохранение данных о дистанции и времени поездки. Параметры: мин. вр. перевозки = 1.0, макс. вр. перевозки = 50.0   2022-07-13 15:40:16   true
Сохранение данных с 2022-07-12 до 2022-07-13   2022-07-13 15:41:12   true
Сохранение данных о простоях. Параметры: мин. вр. погрузки = 0, макс. вр. погрузки 49, мин. вр. выгрузки = 0, макс. вр. выгрузки 49   2022-07-13 15:41:12   true
Сохранение данных о дистанции и времени поездки. Параметры: мин. вр. перевозки = 8.0, макс. вр. перевозки = 49.0   2022-07-13 15:41:12   true
Сохранение данных с 2022-07-12 до 2022-07-13   2022-07-13 15:43:35   true
Сохранение данных о простоях. Параметры: мин. вр. погрузки = 0, макс. вр. погрузки 49, мин. вр. выгрузки = 0, макс. вр. выгрузки 49   2022-07-13 15:43:35   true
Сохранение данных о дистанции и времени поездки. Параметры: мин. вр. перевозки = 49.0, макс. вр. перевозки = 49.0   2022-07-13 15:43:35   true
Сохранение данных с 2022-07-12 до 2022-07-13   2022-07-13 15:46:13   true
Сохранение данных о простоях. Параметры: мин. вр. погрузки = 0, макс. вр. погрузки 50, мин. вр. выгрузки = 0, макс. вр. выгрузки 50   2022-07-13 15:46:13   true
Сохранение данных о дистанции и времени поездки. Параметры: мин. вр. перевозки = 1.0, макс. вр. перевозки = 50.0   2022-07-13 15:46:14   true
Сохранение данных с 2022-07-12 до 2022-07-13   2022-07-13 15:46:41   true
Сохранение данных о простоях. Параметры: мин. вр. погрузки = 0, макс. вр. погрузки 49, мин. вр. выгрузки = 0, макс. вр. выгрузки 49   2022-07-13 15:46:41   true
Сохранение данных о дистанции и времени поездки. Параметры: мин. вр. перевозки = 49.0, макс. вр. перевозки = 49.0   2022-07-13 15:46:41   true
Сохранение данных с 2022-07-12 до 2022-07-13   2022-07-13 15:48:37   true
Сохранение данных о простоях. Параметры: мин. вр. погрузки = 0, макс. вр. погрузки 49, мин. вр. выгрузки = 0, макс. вр. выгрузки 49   2022-07-13 15:48:37   true
Сохранение данных о дистанции и времени поездки. Параметры: мин. вр. перевозки = 49.0, макс. вр. перевозки = 49.0   2022-07-13 15:48:37   true
Сохранение данных с 2022-07-12 до 2022-07-13   2022-07-13 15:50:56   true
Сохранение данных о простоях. Параметры: мин. вр. погрузки = 0, макс. вр. погрузки 49, мин. вр. выгрузки = 0, макс. вр. выгрузки 49   2022-07-13 15:50:57   true
Сохранение данных о дистанции и времени поездки. Параметры: мин. вр. перевозки = 49.0, макс. вр. перевозки = 49.0   2022-07-13 15:50:57   true
Сохранение данных с 2022-07-12 до 2022-07-13   2022-07-13 15:53:23   true
Сохранение данных о простоях. Параметры: мин. вр. погрузки = 0, макс. вр. погрузки 49, мин. вр. выгрузки = 0, макс. вр. выгрузки 49   2022-07-13 15:53:23   true
Сохранение данных о дистанции и времени поездки. Параметры: мин. вр. перевозки = 49.0, макс. вр. перевозки = 49.0   2022-07-13 15:53:23   true
Сохранение данных с 2022-07-12 до 2022-07-13   2022-07-13 15:55:40   true
Сохранение данных о простоях. Параметры: мин. вр. погрузки = 0, макс. вр. погрузки 49, мин. вр. выгрузки = 0, макс. вр. выгрузки 49   2022-07-13 15:55:40   true
Сохранение данных о дистанции и времени поездки. Параметры: мин. вр. перевозки = 49.0, макс. вр. перевозки = 49.0   2022-07-13 15:55:40   true
Сохранение данных с 2022-07-12 до 2022-07-13   2022-07-13 15:57:57   true
Сохранение данных о простоях. Параметры: мин. вр. погрузки = 0, макс. вр. погрузки 49, мин. вр. выгрузки = 0, макс. вр. выгрузки 49   2022-07-13 15:57:57   true
Сохранение данных о дистанции и времени поездки. Параметры: мин. вр. перевозки = 49.0, макс. вр. перевозки = 49.0   2022-07-13 15:57:57   true
Сохранение данных с 2022-07-12 до 2022-07-13   2022-07-13 16:01:41   true
Сохранение данных о простоях. Параметры: мин. вр. погрузки = 0, макс. вр. погрузки 49, мин. вр. выгрузки = 0, макс. вр. выгрузки 49   2022-07-13 16:01:41   true
Сохранение данных о дистанции и времени поездки. Параметры: мин. вр. перевозки = 49.0, макс. вр. перевозки = 49.0   2022-07-13 16:01:41   true
Сохранение данных с 2022-07-12 до 2022-07-13   2022-07-13 16:05:30   true
Сохранение данных о простоях. Параметры: мин. вр. погрузки = 0, макс. вр. погрузки 49, мин. вр. выгрузки = 0, макс. вр. выгрузки 49   2022-07-13 16:05:30   true
Сохранение данных о дистанции и времени поездки. Параметры: мин. вр. перевозки = 49.0, макс. вр. перевозки = 49.0   2022-07-13 16:05:30   true
Сохранение данных с 2022-07-12 до 2022-07-13   2022-07-13 16:08:00   false
Сохранение данных с 2022-07-12 до 2022-07-13   2022-07-13 16:10:30   false
Сохранение данных с 2022-07-12 до 2022-07-13   2022-07-13 16:12:32   true
Сохранение данных о простоях. Параметры: мин. вр. погрузки = 0, макс. вр. погрузки 50, мин. вр. выгрузки = 0, макс. вр. выгрузки 50   2022-07-13 16:12:32   true
Сохранение данных о дистанции и времени поездки. Параметры: мин. вр. перевозки = 1.0, макс. вр. перевозки = 50.0   2022-07-13 16:12:32   true
Сохранение данных с 2022-07-12 до 2022-07-13   2022-07-13 16:13:07   true
Сохранение данных о простоях. Параметры: мин. вр. погрузки = 0, макс. вр. погрузки 49, мин. вр. выгрузки = 0, макс. вр. выгрузки 49   2022-07-13 16:13:07   true
Сохранение данных о дистанции и времени поездки. Параметры: мин. вр. перевозки = 49.0, макс. вр. перевозки = 49.0   2022-07-13 16:13:07   true
Сохранение данных с 2022-07-12 до 2022-07-13   2022-07-13 16:13:49   true
Сохранение данных о простоях. Параметры: мин. вр. погрузки = 0, макс. вр. погрузки 49, мин. вр. выгрузки = 0, макс. вр. выгрузки 49   2022-07-13 16:13:49   true
Сохранение данных о дистанции и времени поездки. Параметры: мин. вр. перевозки = 49.0, макс. вр. перевозки = 49.0   2022-07-13 16:13:50   true
Сохранение данных с 2022-07-12 до 2022-07-13   2022-07-13 16:14:22   true
Сохранение данных о простоях. Параметры: мин. вр. погрузки = 0, макс. вр. погрузки 49, мин. вр. выгрузки = 0, макс. вр. выгрузки 49   2022-07-13 16:14:22   true
Сохранение данных о дистанции и времени поездки. Параметры: мин. вр. перевозки = 49.0, макс. вр. перевозки = 49.0   2022-07-13 16:14:22   true
Сохранение данных с 2022-07-12 до 2022-07-13   2022-07-13 16:16:22   true
Сохранение данных о простоях. Параметры: мин. вр. погрузки = 0, макс. вр. погрузки 49, мин. вр. выгрузки = 0, макс. вр. выгрузки 49   2022-07-13 16:16:22   true
Сохранение данных о дистанции и времени поездки. Параметры: мин. вр. перевозки = 49.0, макс. вр. перевозки = 49.0   2022-07-13 16:16:22   true
Сохранение данных с 2022-07-12 до 2022-07-13   2022-07-13 16:24:15   true
Сохранение данных о простоях. Параметры: мин. вр. погрузки = 0, макс. вр. погрузки 50, мин. вр. выгрузки = 0, макс. вр. выгрузки 50   2022-07-13 16:24:15   true
Сохранение данных о дистанции и времени поездки. Параметры: мин. вр. перевозки = 1.0, макс. вр. перевозки = 50.0   2022-07-13 16:24:15   true
Сохранение данных с 2022-07-12 до 2022-07-13   2022-07-13 16:24:52   false
Сохранение данных с 2022-07-12 до 2022-07-13   2022-07-13 16:27:27   true
Сохранение данных о простоях. Параметры: мин. вр. погрузки = 0, макс. вр. погрузки 50, мин. вр. выгрузки = 0, макс. вр. выгрузки 50   2022-07-13 16:27:27   true
Сохранение данных о дистанции и времени поездки. Параметры: мин. вр. перевозки = 1.0, макс. вр. перевозки = 50.0   2022-07-13 16:27:27   true
Сохранение данных с 2022-07-12 до 2022-07-13   2022-07-13 16:27:52   true
Сохранение данных о простоях. Параметры: мин. вр. погрузки = 0, макс. вр. погрузки 40, мин. вр. выгрузки = 0, макс. вр. выгрузки 40   2022-07-13 16:27:52   true
Сохранение данных о дистанции и времени поездки. Параметры: мин. вр. перевозки = 1.0, макс. вр. перевозки = 40.0   2022-07-13 16:27:52   true
Сохранение данных с 2022-07-12 до 2022-07-13   2022-07-13 16:28:58   true
Сохранение данных о простоях. Параметры: мин. вр. погрузки = 0, макс. вр. погрузки 40, мин. вр. выгрузки = 0, макс. вр. выгрузки 40   2022-07-13 16:28:58   true
Сохранение данных о дистанции и времени поездки. Параметры: мин. вр. перевозки = 40.0, макс. вр. перевозки = 40.0   2022-07-13 16:28:58   true
Сохранение данных с 2022-07-12 до 2022-07-13   2022-07-13 16:34:30   true
Сохранение данных о простоях. Параметры: мин. вр. погрузки = 0, макс. вр. погрузки 40, мин. вр. выгрузки = 0, макс. вр. выгрузки 40   2022-07-13 16:34:30   true
Сохранение данных о дистанции и времени поездки. Параметры: мин. вр. перевозки = 40.0, макс. вр. перевозки = 40.0   2022-07-13 16:34:30   true
Сохранение данных с 2022-07-12 до 2022-07-13   2022-07-13 16:39:28   true
Сохранение данных о простоях. Параметры: мин. вр. погрузки = 0, макс. вр. погрузки 40, мин. вр. выгрузки = 0, макс. вр. выгрузки 40   2022-07-13 16:39:28   true
Сохранение данных о дистанции и времени поездки. Параметры: мин. вр. перевозки = 40.0, макс. вр. перевозки = 40.0   2022-07-13 16:39:28   true
Сохранение данных с 2022-07-12 до 2022-07-13   2022-07-13 16:44:06   true
Сохранение данных о простоях. Параметры: мин. вр. погрузки = 0, макс. вр. погрузки 40, мин. вр. выгрузки = 0, макс. вр. выгрузки 40   2022-07-13 16:44:06   true
Сохранение данных о дистанции и времени поездки. Параметры: мин. вр. перевозки = 40.0, макс. вр. перевозки = 40.0   2022-07-13 16:44:06   true
Сохранение данных с 2022-07-12 до 2022-07-13   2022-07-13 16:49:47   true
Сохранение данных о простоях. Параметры: мин. вр. погрузки = 0, макс. вр. погрузки 40, мин. вр. выгрузки = 0, макс. вр. выгрузки 40   2022-07-13 16:49:48   true
Сохранение данных о дистанции и времени поездки. Параметры: мин. вр. перевозки = 40.0, макс. вр. перевозки = 40.0   2022-07-13 16:49:48   true
Сохранение данных с 2022-07-12 до 2022-07-13   2022-07-13 16:53:55   true
Сохранение данных о простоях. Параметры: мин. вр. погрузки = 0, макс. вр. погрузки 40, мин. вр. выгрузки = 0, макс. вр. выгрузки 40   2022-07-13 16:53:55   true
Сохранение данных о дистанции и времени поездки. Параметры: мин. вр. перевозки = 40.0, макс. вр. перевозки = 40.0   2022-07-13 16:53:55   true
Сохранение данных с 2022-07-12 до 2022-07-13   2022-07-13 17:01:20   true
Сохранение данных о простоях. Параметры: мин. вр. погрузки = 0, макс. вр. погрузки 50, мин. вр. выгрузки = 0, макс. вр. выгрузки 50   2022-07-13 17:01:21   true
Сохранение данных о дистанции и времени поездки. Параметры: мин. вр. перевозки = 1.0, макс. вр. перевозки = 50.0   2022-07-13 17:01:21   true
Сохранение данных с 2022-07-12 до 2022-07-13   2022-07-13 17:02:54   true
Сохранение данных о простоях. Параметры: мин. вр. погрузки = 0, макс. вр. погрузки 45, мин. вр. выгрузки = 0, макс. вр. выгрузки 45   2022-07-13 17:02:55   true
Сохранение данных о дистанции и времени поездки. Параметры: мин. вр. перевозки = 1.0, макс. вр. перевозки = 50.0   2022-07-13 17:02:55   true
Сохранение данных с 2022-07-12 до 2022-07-13   2022-07-13 17:05:23   true
Сохранение данных о простоях. Параметры: мин. вр. погрузки = 0, макс. вр. погрузки 50, мин. вр. выгрузки = 0, макс. вр. выгрузки 50   2022-07-13 17:05:23   true
Сохранение данных о дистанции и времени поездки. Параметры: мин. вр. перевозки = 1.0, макс. вр. перевозки = 50.0   2022-07-13 17:05:23   true
Сохранение данных с 2022-07-12 до 2022-07-13   2022-07-13 17:05:46   true
Сохранение данных о простоях. Параметры: мин. вр. погрузки = 0, макс. вр. погрузки 50, мин. вр. выгрузки = 0, макс. вр. выгрузки 50   2022-07-13 17:05:46   true
Сохранение данных о дистанции и времени поездки. Параметры: мин. вр. перевозки = 1.0, макс. вр. перевозки = 50.0   2022-07-13 17:05:46   true
Сохранение данных с 2022-07-12 до 2022-07-13   2022-07-13 17:09:33   true
Сохранение данных о простоях. Параметры: мин. вр. погрузки = 0, макс. вр. погрузки 50, мин. вр. выгрузки = 0, макс. вр. выгрузки 50   2022-07-13 17:09:34   true
Сохранение данных о дистанции и времени поездки. Параметры: мин. вр. перевозки = 1.0, макс. вр. перевозки = 50.0   2022-07-13 17:09:34   true
Сохранение данных с 2022-07-12 до 2022-07-13   2022-07-13 17:19:21   true
Сохранение данных о простоях. Параметры: мин. вр. погрузки = 0, макс. вр. погрузки 50, мин. вр. выгрузки = 0, макс. вр. выгрузки 50   2022-07-13 17:19:21   true
Сохранение данных о дистанции и времени поездки. Параметры: мин. вр. перевозки = 1.0, макс. вр. перевозки = 50.0   2022-07-13 17:19:21   true
Получение сырых данных   2022-07-13 17:22:06   true
Получение сырых данных   2022-07-13 17:22:07   true
Получение сгруппированных данных о выгрузках и погрузках   2022-07-13 17:22:11   true
Получение сгруппированных данных о дистанции времени перевозки   2022-07-13 17:22:16   true
Получение сырых данных   2022-07-13 17:22:54   true
