2022-07-18 09:11:50,714 INFO c.u.l.LogisticParametersWebServiceApplication [main]: Starting LogisticParametersWebServiceApplication using Java 17.0.3.1 on WS-100 with PID 12804 (C:\Users\m.lazarev\IdeaProjects\LogisticParametersWebService\target\classes started by m.lazarev in C:\Users\m.lazarev\IdeaProjects\LogisticParametersWebService)
2022-07-18 09:11:50,719 INFO c.u.l.LogisticParametersWebServiceApplication [main]: The following 1 profile is active: "dev"
2022-07-18 09:11:51,125 INFO o.s.d.r.c.RepositoryConfigurationDelegate [main]: Bootstrapping Spring Data JPA repositories in DEFAULT mode.
2022-07-18 09:11:51,144 INFO o.s.d.r.c.RepositoryConfigurationDelegate [main]: Finished Spring Data repository scanning in 4 ms. Found 0 JPA repository interfaces.
2022-07-18 09:11:51,145 INFO o.s.d.r.c.RepositoryConfigurationDelegate [main]: Bootstrapping Spring Data JPA repositories in DEFAULT mode.
2022-07-18 09:11:51,180 INFO o.s.d.r.c.RepositoryConfigurationDelegate [main]: Finished Spring Data repository scanning in 34 ms. Found 4 JPA repository interfaces.
2022-07-18 09:11:51,181 INFO o.s.d.r.c.RepositoryConfigurationDelegate [main]: Bootstrapping Spring Data JPA repositories in DEFAULT mode.
2022-07-18 09:11:51,183 INFO o.s.d.r.c.RepositoryConfigurationDelegate [main]: Finished Spring Data repository scanning in 1 ms. Found 0 JPA repository interfaces.
2022-07-18 09:11:51,767 INFO o.s.b.w.e.tomcat.TomcatWebServer [main]: Tomcat initialized with port(s): 8080 (http)
2022-07-18 09:11:51,773 INFO o.a.catalina.core.StandardService [main]: Starting service [Tomcat]
2022-07-18 09:11:51,775 INFO o.a.catalina.core.StandardEngine [main]: Starting Servlet engine: [Apache Tomcat/9.0.63]
2022-07-18 09:11:51,857 INFO o.a.c.c.C.[Tomcat].[localhost].[/] [main]: Initializing Spring embedded WebApplicationContext
2022-07-18 09:11:51,858 INFO o.s.b.w.s.c.ServletWebServerApplicationContext [main]: Root WebApplicationContext: initialization completed in 1107 ms
2022-07-18 09:11:52,072 INFO o.h.jpa.internal.util.LogHelper [main]: HHH000204: Processing PersistenceUnitInfo [name: default]
2022-07-18 09:11:52,118 INFO org.hibernate.Version [main]: HHH000412: Hibernate ORM core version 5.6.9.Final
2022-07-18 09:11:52,233 INFO o.h.annotations.common.Version [main]: HCANN000001: Hibernate Commons Annotations {5.1.2.Final}
2022-07-18 09:11:52,363 INFO com.zaxxer.hikari.HikariDataSource [main]: HikariPool-1 - Starting...
2022-07-18 09:11:52,794 INFO com.zaxxer.hikari.HikariDataSource [main]: HikariPool-1 - Start completed.
2022-07-18 09:11:52,808 INFO org.hibernate.dialect.Dialect [main]: HHH000400: Using dialect: org.hibernate.dialect.SQLServerDialect
2022-07-18 09:11:52,933 INFO o.h.e.t.j.p.i.JtaPlatformInitiator [main]: HHH000490: Using JtaPlatform implementation: [org.hibernate.engine.transaction.jta.platform.internal.NoJtaPlatform]
2022-07-18 09:11:52,940 INFO o.s.o.j.LocalContainerEntityManagerFactoryBean [main]: Initialized JPA EntityManagerFactory for persistence unit 'default'
2022-07-18 09:11:52,957 INFO o.h.jpa.internal.util.LogHelper [main]: HHH000204: Processing PersistenceUnitInfo [name: default]
2022-07-18 09:11:52,983 INFO com.zaxxer.hikari.HikariDataSource [main]: HikariPool-2 - Starting...
2022-07-18 09:11:53,119 INFO com.zaxxer.hikari.HikariDataSource [main]: HikariPool-2 - Start completed.
2022-07-18 09:11:53,122 INFO org.hibernate.dialect.Dialect [main]: HHH000400: Using dialect: org.hibernate.dialect.PostgreSQLDialect
2022-07-18 09:11:53,505 INFO o.h.e.t.j.p.i.JtaPlatformInitiator [main]: HHH000490: Using JtaPlatform implementation: [org.hibernate.engine.transaction.jta.platform.internal.NoJtaPlatform]
2022-07-18 09:11:53,505 INFO o.s.o.j.LocalContainerEntityManagerFactoryBean [main]: Initialized JPA EntityManagerFactory for persistence unit 'default'
2022-07-18 09:11:53,507 INFO o.h.jpa.internal.util.LogHelper [main]: HHH000204: Processing PersistenceUnitInfo [name: default]
2022-07-18 09:11:53,531 INFO com.zaxxer.hikari.HikariDataSource [main]: HikariPool-3 - Starting...
2022-07-18 09:11:53,557 INFO com.zaxxer.hikari.HikariDataSource [main]: HikariPool-3 - Start completed.
2022-07-18 09:11:53,557 INFO org.hibernate.dialect.Dialect [main]: HHH000400: Using dialect: org.hibernate.dialect.SQLServerDialect
2022-07-18 09:11:53,567 INFO o.h.e.t.j.p.i.JtaPlatformInitiator [main]: HHH000490: Using JtaPlatform implementation: [org.hibernate.engine.transaction.jta.platform.internal.NoJtaPlatform]
2022-07-18 09:11:53,568 INFO o.s.o.j.LocalContainerEntityManagerFactoryBean [main]: Initialized JPA EntityManagerFactory for persistence unit 'default'
2022-07-18 09:11:54,004 WARN o.s.b.a.o.j.JpaBaseConfiguration$JpaWebConfiguration [main]: spring.jpa.open-in-view is enabled by default. Therefore, database queries may be performed during view rendering. Explicitly configure spring.jpa.open-in-view to disable this warning
2022-07-18 09:11:54,273 INFO o.s.b.w.e.tomcat.TomcatWebServer [main]: Tomcat started on port(s): 8080 (http) with context path ''
2022-07-18 09:11:54,289 INFO c.u.l.LogisticParametersWebServiceApplication [main]: Started LogisticParametersWebServiceApplication in 3.989 seconds (JVM running for 4.512)
2022-07-18 09:12:23,137 INFO o.a.c.c.C.[Tomcat].[localhost].[/] [http-nio-8080-exec-3]: Initializing Spring DispatcherServlet 'dispatcherServlet'
2022-07-18 09:12:23,137 INFO o.s.web.servlet.DispatcherServlet [http-nio-8080-exec-3]: Initializing Servlet 'dispatcherServlet'
2022-07-18 09:12:23,139 INFO o.s.web.servlet.DispatcherServlet [http-nio-8080-exec-3]: Completed initialization in 1 ms
2022-07-18 09:15:21,618 INFO o.s.o.j.LocalContainerEntityManagerFactoryBean [SpringApplicationShutdownHook]: Closing JPA EntityManagerFactory for persistence unit 'default'
2022-07-18 09:15:21,619 INFO o.s.o.j.LocalContainerEntityManagerFactoryBean [SpringApplicationShutdownHook]: Closing JPA EntityManagerFactory for persistence unit 'default'
2022-07-18 09:15:21,619 INFO com.zaxxer.hikari.HikariDataSource [SpringApplicationShutdownHook]: HikariPool-2 - Shutdown initiated...
2022-07-18 09:15:21,622 INFO com.zaxxer.hikari.HikariDataSource [SpringApplicationShutdownHook]: HikariPool-2 - Shutdown completed.
2022-07-18 09:15:21,623 INFO o.s.o.j.LocalContainerEntityManagerFactoryBean [SpringApplicationShutdownHook]: Closing JPA EntityManagerFactory for persistence unit 'default'
2022-07-18 09:15:21,624 INFO com.zaxxer.hikari.HikariDataSource [SpringApplicationShutdownHook]: HikariPool-1 - Shutdown initiated...
2022-07-18 09:15:21,629 INFO com.zaxxer.hikari.HikariDataSource [SpringApplicationShutdownHook]: HikariPool-1 - Shutdown completed.
2022-07-18 09:15:21,630 INFO com.zaxxer.hikari.HikariDataSource [SpringApplicationShutdownHook]: HikariPool-3 - Shutdown initiated...
2022-07-18 09:15:21,632 INFO com.zaxxer.hikari.HikariDataSource [SpringApplicationShutdownHook]: HikariPool-3 - Shutdown completed.
2022-07-18 09:15:26,447 INFO c.u.l.LogisticParametersWebServiceApplication [main]: Starting LogisticParametersWebServiceApplication using Java 17.0.3.1 on WS-100 with PID 17976 (C:\Users\m.lazarev\IdeaProjects\LogisticParametersWebService\target\classes started by m.lazarev in C:\Users\m.lazarev\IdeaProjects\LogisticParametersWebService)
2022-07-18 09:15:26,449 INFO c.u.l.LogisticParametersWebServiceApplication [main]: The following 1 profile is active: "dev"
2022-07-18 09:15:26,791 INFO o.s.d.r.c.RepositoryConfigurationDelegate [main]: Bootstrapping Spring Data JPA repositories in DEFAULT mode.
2022-07-18 09:15:26,802 INFO o.s.d.r.c.RepositoryConfigurationDelegate [main]: Finished Spring Data repository scanning in 4 ms. Found 0 JPA repository interfaces.
2022-07-18 09:15:26,802 INFO o.s.d.r.c.RepositoryConfigurationDelegate [main]: Bootstrapping Spring Data JPA repositories in DEFAULT mode.
2022-07-18 09:15:26,838 INFO o.s.d.r.c.RepositoryConfigurationDelegate [main]: Finished Spring Data repository scanning in 35 ms. Found 4 JPA repository interfaces.
2022-07-18 09:15:26,839 INFO o.s.d.r.c.RepositoryConfigurationDelegate [main]: Bootstrapping Spring Data JPA repositories in DEFAULT mode.
2022-07-18 09:15:26,840 INFO o.s.d.r.c.RepositoryConfigurationDelegate [main]: Finished Spring Data repository scanning in 1 ms. Found 0 JPA repository interfaces.
2022-07-18 09:15:27,369 INFO o.s.b.w.e.tomcat.TomcatWebServer [main]: Tomcat initialized with port(s): 8080 (http)
2022-07-18 09:15:27,377 INFO o.a.catalina.core.StandardService [main]: Starting service [Tomcat]
2022-07-18 09:15:27,377 INFO o.a.catalina.core.StandardEngine [main]: Starting Servlet engine: [Apache Tomcat/9.0.63]
2022-07-18 09:15:27,462 INFO o.a.c.c.C.[Tomcat].[localhost].[/] [main]: Initializing Spring embedded WebApplicationContext
2022-07-18 09:15:27,463 INFO o.s.b.w.s.c.ServletWebServerApplicationContext [main]: Root WebApplicationContext: initialization completed in 984 ms
2022-07-18 09:15:27,651 INFO o.h.jpa.internal.util.LogHelper [main]: HHH000204: Processing PersistenceUnitInfo [name: default]
2022-07-18 09:15:27,701 INFO org.hibernate.Version [main]: HHH000412: Hibernate ORM core version 5.6.9.Final
2022-07-18 09:15:27,817 INFO o.h.annotations.common.Version [main]: HCANN000001: Hibernate Commons Annotations {5.1.2.Final}
2022-07-18 09:15:27,941 INFO com.zaxxer.hikari.HikariDataSource [main]: HikariPool-1 - Starting...
2022-07-18 09:15:28,198 INFO com.zaxxer.hikari.HikariDataSource [main]: HikariPool-1 - Start completed.
2022-07-18 09:15:28,210 INFO org.hibernate.dialect.Dialect [main]: HHH000400: Using dialect: org.hibernate.dialect.SQLServerDialect
2022-07-18 09:15:28,341 INFO o.h.e.t.j.p.i.JtaPlatformInitiator [main]: HHH000490: Using JtaPlatform implementation: [org.hibernate.engine.transaction.jta.platform.internal.NoJtaPlatform]
2022-07-18 09:15:28,348 INFO o.s.o.j.LocalContainerEntityManagerFactoryBean [main]: Initialized JPA EntityManagerFactory for persistence unit 'default'
2022-07-18 09:15:28,365 INFO o.h.jpa.internal.util.LogHelper [main]: HHH000204: Processing PersistenceUnitInfo [name: default]
2022-07-18 09:15:28,391 INFO com.zaxxer.hikari.HikariDataSource [main]: HikariPool-2 - Starting...
2022-07-18 09:15:28,498 INFO com.zaxxer.hikari.HikariDataSource [main]: HikariPool-2 - Start completed.
2022-07-18 09:15:28,502 INFO org.hibernate.dialect.Dialect [main]: HHH000400: Using dialect: org.hibernate.dialect.PostgreSQLDialect
2022-07-18 09:15:28,849 INFO o.h.e.t.j.p.i.JtaPlatformInitiator [main]: HHH000490: Using JtaPlatform implementation: [org.hibernate.engine.transaction.jta.platform.internal.NoJtaPlatform]
2022-07-18 09:15:28,849 INFO o.s.o.j.LocalContainerEntityManagerFactoryBean [main]: Initialized JPA EntityManagerFactory for persistence unit 'default'
2022-07-18 09:15:28,851 INFO o.h.jpa.internal.util.LogHelper [main]: HHH000204: Processing PersistenceUnitInfo [name: default]
2022-07-18 09:15:28,876 INFO com.zaxxer.hikari.HikariDataSource [main]: HikariPool-3 - Starting...
2022-07-18 09:15:28,903 INFO com.zaxxer.hikari.HikariDataSource [main]: HikariPool-3 - Start completed.
2022-07-18 09:15:28,903 INFO org.hibernate.dialect.Dialect [main]: HHH000400: Using dialect: org.hibernate.dialect.SQLServerDialect
2022-07-18 09:15:28,914 INFO o.h.e.t.j.p.i.JtaPlatformInitiator [main]: HHH000490: Using JtaPlatform implementation: [org.hibernate.engine.transaction.jta.platform.internal.NoJtaPlatform]
2022-07-18 09:15:28,914 INFO o.s.o.j.LocalContainerEntityManagerFactoryBean [main]: Initialized JPA EntityManagerFactory for persistence unit 'default'
2022-07-18 09:15:29,342 WARN o.s.b.a.o.j.JpaBaseConfiguration$JpaWebConfiguration [main]: spring.jpa.open-in-view is enabled by default. Therefore, database queries may be performed during view rendering. Explicitly configure spring.jpa.open-in-view to disable this warning
2022-07-18 09:15:29,603 INFO o.s.b.w.e.tomcat.TomcatWebServer [main]: Tomcat started on port(s): 8080 (http) with context path ''
2022-07-18 09:15:29,620 INFO c.u.l.LogisticParametersWebServiceApplication [main]: Started LogisticParametersWebServiceApplication in 3.554 seconds (JVM running for 4.06)
2022-07-18 09:15:33,573 INFO o.a.c.c.C.[Tomcat].[localhost].[/] [http-nio-8080-exec-2]: Initializing Spring DispatcherServlet 'dispatcherServlet'
2022-07-18 09:15:33,574 INFO o.s.web.servlet.DispatcherServlet [http-nio-8080-exec-2]: Initializing Servlet 'dispatcherServlet'
2022-07-18 09:15:33,575 INFO o.s.web.servlet.DispatcherServlet [http-nio-8080-exec-2]: Completed initialization in 1 ms
2022-07-18 09:16:53,099 INFO o.s.o.j.LocalContainerEntityManagerFactoryBean [SpringApplicationShutdownHook]: Closing JPA EntityManagerFactory for persistence unit 'default'
2022-07-18 09:16:53,100 INFO o.s.o.j.LocalContainerEntityManagerFactoryBean [SpringApplicationShutdownHook]: Closing JPA EntityManagerFactory for persistence unit 'default'
2022-07-18 09:16:53,101 INFO com.zaxxer.hikari.HikariDataSource [SpringApplicationShutdownHook]: HikariPool-2 - Shutdown initiated...
2022-07-18 09:16:53,103 INFO com.zaxxer.hikari.HikariDataSource [SpringApplicationShutdownHook]: HikariPool-2 - Shutdown completed.
2022-07-18 09:16:53,104 INFO o.s.o.j.LocalContainerEntityManagerFactoryBean [SpringApplicationShutdownHook]: Closing JPA EntityManagerFactory for persistence unit 'default'
2022-07-18 09:16:53,105 INFO com.zaxxer.hikari.HikariDataSource [SpringApplicationShutdownHook]: HikariPool-1 - Shutdown initiated...
2022-07-18 09:16:53,110 INFO com.zaxxer.hikari.HikariDataSource [SpringApplicationShutdownHook]: HikariPool-1 - Shutdown completed.
2022-07-18 09:16:53,111 INFO com.zaxxer.hikari.HikariDataSource [SpringApplicationShutdownHook]: HikariPool-3 - Shutdown initiated...
2022-07-18 09:16:53,114 INFO com.zaxxer.hikari.HikariDataSource [SpringApplicationShutdownHook]: HikariPool-3 - Shutdown completed.
2022-07-18 09:16:57,861 INFO c.u.l.LogisticParametersWebServiceApplication [main]: Starting LogisticParametersWebServiceApplication using Java 17.0.3.1 on WS-100 with PID 4824 (C:\Users\m.lazarev\IdeaProjects\LogisticParametersWebService\target\classes started by m.lazarev in C:\Users\m.lazarev\IdeaProjects\LogisticParametersWebService)
2022-07-18 09:16:57,863 INFO c.u.l.LogisticParametersWebServiceApplication [main]: The following 1 profile is active: "dev"
2022-07-18 09:16:58,211 INFO o.s.d.r.c.RepositoryConfigurationDelegate [main]: Bootstrapping Spring Data JPA repositories in DEFAULT mode.
2022-07-18 09:16:58,221 INFO o.s.d.r.c.RepositoryConfigurationDelegate [main]: Finished Spring Data repository scanning in 4 ms. Found 0 JPA repository interfaces.
2022-07-18 09:16:58,221 INFO o.s.d.r.c.RepositoryConfigurationDelegate [main]: Bootstrapping Spring Data JPA repositories in DEFAULT mode.
2022-07-18 09:16:58,252 INFO o.s.d.r.c.RepositoryConfigurationDelegate [main]: Finished Spring Data repository scanning in 29 ms. Found 4 JPA repository interfaces.
2022-07-18 09:16:58,252 INFO o.s.d.r.c.RepositoryConfigurationDelegate [main]: Bootstrapping Spring Data JPA repositories in DEFAULT mode.
2022-07-18 09:16:58,254 INFO o.s.d.r.c.RepositoryConfigurationDelegate [main]: Finished Spring Data repository scanning in 1 ms. Found 0 JPA repository interfaces.
2022-07-18 09:16:58,762 INFO o.s.b.w.e.tomcat.TomcatWebServer [main]: Tomcat initialized with port(s): 8080 (http)
2022-07-18 09:16:58,771 INFO o.a.catalina.core.StandardService [main]: Starting service [Tomcat]
2022-07-18 09:16:58,771 INFO o.a.catalina.core.StandardEngine [main]: Starting Servlet engine: [Apache Tomcat/9.0.63]
2022-07-18 09:16:58,853 INFO o.a.c.c.C.[Tomcat].[localhost].[/] [main]: Initializing Spring embedded WebApplicationContext
2022-07-18 09:16:58,854 INFO o.s.b.w.s.c.ServletWebServerApplicationContext [main]: Root WebApplicationContext: initialization completed in 961 ms
2022-07-18 09:16:59,031 INFO o.h.jpa.internal.util.LogHelper [main]: HHH000204: Processing PersistenceUnitInfo [name: default]
2022-07-18 09:16:59,078 INFO org.hibernate.Version [main]: HHH000412: Hibernate ORM core version 5.6.9.Final
2022-07-18 09:16:59,191 INFO o.h.annotations.common.Version [main]: HCANN000001: Hibernate Commons Annotations {5.1.2.Final}
2022-07-18 09:16:59,305 INFO com.zaxxer.hikari.HikariDataSource [main]: HikariPool-1 - Starting...
2022-07-18 09:16:59,576 INFO com.zaxxer.hikari.HikariDataSource [main]: HikariPool-1 - Start completed.
2022-07-18 09:16:59,589 INFO org.hibernate.dialect.Dialect [main]: HHH000400: Using dialect: org.hibernate.dialect.SQLServerDialect
2022-07-18 09:16:59,727 INFO o.h.e.t.j.p.i.JtaPlatformInitiator [main]: HHH000490: Using JtaPlatform implementation: [org.hibernate.engine.transaction.jta.platform.internal.NoJtaPlatform]
2022-07-18 09:16:59,734 INFO o.s.o.j.LocalContainerEntityManagerFactoryBean [main]: Initialized JPA EntityManagerFactory for persistence unit 'default'
2022-07-18 09:16:59,752 INFO o.h.jpa.internal.util.LogHelper [main]: HHH000204: Processing PersistenceUnitInfo [name: default]
2022-07-18 09:16:59,778 INFO com.zaxxer.hikari.HikariDataSource [main]: HikariPool-2 - Starting...
2022-07-18 09:16:59,891 INFO com.zaxxer.hikari.HikariDataSource [main]: HikariPool-2 - Start completed.
2022-07-18 09:16:59,895 INFO org.hibernate.dialect.Dialect [main]: HHH000400: Using dialect: org.hibernate.dialect.PostgreSQLDialect
2022-07-18 09:17:00,242 INFO o.h.e.t.j.p.i.JtaPlatformInitiator [main]: HHH000490: Using JtaPlatform implementation: [org.hibernate.engine.transaction.jta.platform.internal.NoJtaPlatform]
2022-07-18 09:17:00,243 INFO o.s.o.j.LocalContainerEntityManagerFactoryBean [main]: Initialized JPA EntityManagerFactory for persistence unit 'default'
2022-07-18 09:17:00,245 INFO o.h.jpa.internal.util.LogHelper [main]: HHH000204: Processing PersistenceUnitInfo [name: default]
2022-07-18 09:17:00,271 INFO com.zaxxer.hikari.HikariDataSource [main]: HikariPool-3 - Starting...
2022-07-18 09:17:00,302 INFO com.zaxxer.hikari.HikariDataSource [main]: HikariPool-3 - Start completed.
2022-07-18 09:17:00,303 INFO org.hibernate.dialect.Dialect [main]: HHH000400: Using dialect: org.hibernate.dialect.SQLServerDialect
2022-07-18 09:17:00,320 INFO o.h.e.t.j.p.i.JtaPlatformInitiator [main]: HHH000490: Using JtaPlatform implementation: [org.hibernate.engine.transaction.jta.platform.internal.NoJtaPlatform]
2022-07-18 09:17:00,320 INFO o.s.o.j.LocalContainerEntityManagerFactoryBean [main]: Initialized JPA EntityManagerFactory for persistence unit 'default'
2022-07-18 09:17:00,749 WARN o.s.b.a.o.j.JpaBaseConfiguration$JpaWebConfiguration [main]: spring.jpa.open-in-view is enabled by default. Therefore, database queries may be performed during view rendering. Explicitly configure spring.jpa.open-in-view to disable this warning
2022-07-18 09:17:00,992 INFO o.s.b.w.e.tomcat.TomcatWebServer [main]: Tomcat started on port(s): 8080 (http) with context path ''
2022-07-18 09:17:01,008 INFO c.u.l.LogisticParametersWebServiceApplication [main]: Started LogisticParametersWebServiceApplication in 3.527 seconds (JVM running for 4.044)
2022-07-18 09:17:04,590 INFO o.a.c.c.C.[Tomcat].[localhost].[/] [http-nio-8080-exec-3]: Initializing Spring DispatcherServlet 'dispatcherServlet'
2022-07-18 09:17:04,590 INFO o.s.web.servlet.DispatcherServlet [http-nio-8080-exec-3]: Initializing Servlet 'dispatcherServlet'
2022-07-18 09:17:04,591 INFO o.s.web.servlet.DispatcherServlet [http-nio-8080-exec-3]: Completed initialization in 1 ms
2022-07-18 09:28:38,201 INFO o.s.o.j.LocalContainerEntityManagerFactoryBean [SpringApplicationShutdownHook]: Closing JPA EntityManagerFactory for persistence unit 'default'
2022-07-18 09:28:38,202 INFO o.s.o.j.LocalContainerEntityManagerFactoryBean [SpringApplicationShutdownHook]: Closing JPA EntityManagerFactory for persistence unit 'default'
2022-07-18 09:28:38,203 INFO com.zaxxer.hikari.HikariDataSource [SpringApplicationShutdownHook]: HikariPool-2 - Shutdown initiated...
2022-07-18 09:28:38,205 INFO com.zaxxer.hikari.HikariDataSource [SpringApplicationShutdownHook]: HikariPool-2 - Shutdown completed.
2022-07-18 09:28:38,206 INFO o.s.o.j.LocalContainerEntityManagerFactoryBean [SpringApplicationShutdownHook]: Closing JPA EntityManagerFactory for persistence unit 'default'
2022-07-18 09:28:38,207 INFO com.zaxxer.hikari.HikariDataSource [SpringApplicationShutdownHook]: HikariPool-1 - Shutdown initiated...
2022-07-18 09:28:38,211 INFO com.zaxxer.hikari.HikariDataSource [SpringApplicationShutdownHook]: HikariPool-1 - Shutdown completed.
2022-07-18 09:28:38,212 INFO com.zaxxer.hikari.HikariDataSource [SpringApplicationShutdownHook]: HikariPool-3 - Shutdown initiated...
2022-07-18 09:28:38,214 INFO com.zaxxer.hikari.HikariDataSource [SpringApplicationShutdownHook]: HikariPool-3 - Shutdown completed.
2022-07-18 09:28:43,671 INFO c.u.l.LogisticParametersWebServiceApplication [main]: Starting LogisticParametersWebServiceApplication using Java 17.0.3.1 on WS-100 with PID 33232 (C:\Users\m.lazarev\IdeaProjects\LogisticParametersWebService\target\classes started by m.lazarev in C:\Users\m.lazarev\IdeaProjects\LogisticParametersWebService)
2022-07-18 09:28:43,674 INFO c.u.l.LogisticParametersWebServiceApplication [main]: The following 1 profile is active: "dev"
2022-07-18 09:28:44,043 INFO o.s.d.r.c.RepositoryConfigurationDelegate [main]: Bootstrapping Spring Data JPA repositories in DEFAULT mode.
2022-07-18 09:28:44,053 INFO o.s.d.r.c.RepositoryConfigurationDelegate [main]: Finished Spring Data repository scanning in 4 ms. Found 0 JPA repository interfaces.
2022-07-18 09:28:44,054 INFO o.s.d.r.c.RepositoryConfigurationDelegate [main]: Bootstrapping Spring Data JPA repositories in DEFAULT mode.
2022-07-18 09:28:44,085 INFO o.s.d.r.c.RepositoryConfigurationDelegate [main]: Finished Spring Data repository scanning in 30 ms. Found 4 JPA repository interfaces.
2022-07-18 09:28:44,085 INFO o.s.d.r.c.RepositoryConfigurationDelegate [main]: Bootstrapping Spring Data JPA repositories in DEFAULT mode.
2022-07-18 09:28:44,087 INFO o.s.d.r.c.RepositoryConfigurationDelegate [main]: Finished Spring Data repository scanning in 1 ms. Found 0 JPA repository interfaces.
2022-07-18 09:28:44,635 INFO o.s.b.w.e.tomcat.TomcatWebServer [main]: Tomcat initialized with port(s): 8080 (http)
2022-07-18 09:28:44,642 INFO o.a.catalina.core.StandardService [main]: Starting service [Tomcat]
2022-07-18 09:28:44,643 INFO o.a.catalina.core.StandardEngine [main]: Starting Servlet engine: [Apache Tomcat/9.0.63]
2022-07-18 09:28:44,729 INFO o.a.c.c.C.[Tomcat].[localhost].[/] [main]: Initializing Spring embedded WebApplicationContext
2022-07-18 09:28:44,729 INFO o.s.b.w.s.c.ServletWebServerApplicationContext [main]: Root WebApplicationContext: initialization completed in 1020 ms
2022-07-18 09:28:44,926 INFO o.h.jpa.internal.util.LogHelper [main]: HHH000204: Processing PersistenceUnitInfo [name: default]
2022-07-18 09:28:44,974 INFO org.hibernate.Version [main]: HHH000412: Hibernate ORM core version 5.6.9.Final
2022-07-18 09:28:45,104 INFO o.h.annotations.common.Version [main]: HCANN000001: Hibernate Commons Annotations {5.1.2.Final}
2022-07-18 09:28:45,213 INFO com.zaxxer.hikari.HikariDataSource [main]: HikariPool-1 - Starting...
2022-07-18 09:28:45,481 INFO com.zaxxer.hikari.HikariDataSource [main]: HikariPool-1 - Start completed.
2022-07-18 09:28:45,493 INFO org.hibernate.dialect.Dialect [main]: HHH000400: Using dialect: org.hibernate.dialect.SQLServerDialect
2022-07-18 09:28:45,619 INFO o.h.e.t.j.p.i.JtaPlatformInitiator [main]: HHH000490: Using JtaPlatform implementation: [org.hibernate.engine.transaction.jta.platform.internal.NoJtaPlatform]
2022-07-18 09:28:45,626 INFO o.s.o.j.LocalContainerEntityManagerFactoryBean [main]: Initialized JPA EntityManagerFactory for persistence unit 'default'
2022-07-18 09:28:45,643 INFO o.h.jpa.internal.util.LogHelper [main]: HHH000204: Processing PersistenceUnitInfo [name: default]
2022-07-18 09:28:45,669 INFO com.zaxxer.hikari.HikariDataSource [main]: HikariPool-2 - Starting...
2022-07-18 09:28:45,781 INFO com.zaxxer.hikari.HikariDataSource [main]: HikariPool-2 - Start completed.
2022-07-18 09:28:45,785 INFO org.hibernate.dialect.Dialect [main]: HHH000400: Using dialect: org.hibernate.dialect.PostgreSQLDialect
2022-07-18 09:28:46,156 INFO o.h.e.t.j.p.i.JtaPlatformInitiator [main]: HHH000490: Using JtaPlatform implementation: [org.hibernate.engine.transaction.jta.platform.internal.NoJtaPlatform]
2022-07-18 09:28:46,156 INFO o.s.o.j.LocalContainerEntityManagerFactoryBean [main]: Initialized JPA EntityManagerFactory for persistence unit 'default'
2022-07-18 09:28:46,159 INFO o.h.jpa.internal.util.LogHelper [main]: HHH000204: Processing PersistenceUnitInfo [name: default]
2022-07-18 09:28:46,184 INFO com.zaxxer.hikari.HikariDataSource [main]: HikariPool-3 - Starting...
2022-07-18 09:28:46,230 INFO com.zaxxer.hikari.HikariDataSource [main]: HikariPool-3 - Start completed.
2022-07-18 09:28:46,231 INFO org.hibernate.dialect.Dialect [main]: HHH000400: Using dialect: org.hibernate.dialect.SQLServerDialect
2022-07-18 09:28:46,249 INFO o.h.e.t.j.p.i.JtaPlatformInitiator [main]: HHH000490: Using JtaPlatform implementation: [org.hibernate.engine.transaction.jta.platform.internal.NoJtaPlatform]
2022-07-18 09:28:46,250 INFO o.s.o.j.LocalContainerEntityManagerFactoryBean [main]: Initialized JPA EntityManagerFactory for persistence unit 'default'
2022-07-18 09:28:46,686 WARN o.s.b.a.o.j.JpaBaseConfiguration$JpaWebConfiguration [main]: spring.jpa.open-in-view is enabled by default. Therefore, database queries may be performed during view rendering. Explicitly configure spring.jpa.open-in-view to disable this warning
2022-07-18 09:28:46,936 INFO o.s.b.w.e.tomcat.TomcatWebServer [main]: Tomcat started on port(s): 8080 (http) with context path ''
2022-07-18 09:28:46,952 INFO c.u.l.LogisticParametersWebServiceApplication [main]: Started LogisticParametersWebServiceApplication in 3.772 seconds (JVM running for 4.259)
2022-07-18 09:28:46,968 INFO o.s.o.j.LocalContainerEntityManagerFactoryBean [SpringApplicationShutdownHook]: Closing JPA EntityManagerFactory for persistence unit 'default'
2022-07-18 09:28:46,968 INFO o.s.o.j.LocalContainerEntityManagerFactoryBean [SpringApplicationShutdownHook]: Closing JPA EntityManagerFactory for persistence unit 'default'
2022-07-18 09:28:46,968 INFO com.zaxxer.hikari.HikariDataSource [SpringApplicationShutdownHook]: HikariPool-2 - Shutdown initiated...
2022-07-18 09:28:46,971 INFO com.zaxxer.hikari.HikariDataSource [SpringApplicationShutdownHook]: HikariPool-2 - Shutdown completed.
2022-07-18 09:28:46,972 INFO o.s.o.j.LocalContainerEntityManagerFactoryBean [SpringApplicationShutdownHook]: Closing JPA EntityManagerFactory for persistence unit 'default'
2022-07-18 09:28:46,973 INFO com.zaxxer.hikari.HikariDataSource [SpringApplicationShutdownHook]: HikariPool-1 - Shutdown initiated...
2022-07-18 09:28:46,977 INFO com.zaxxer.hikari.HikariDataSource [SpringApplicationShutdownHook]: HikariPool-1 - Shutdown completed.
2022-07-18 09:28:46,977 INFO com.zaxxer.hikari.HikariDataSource [SpringApplicationShutdownHook]: HikariPool-3 - Shutdown initiated...
2022-07-18 09:28:46,980 INFO com.zaxxer.hikari.HikariDataSource [SpringApplicationShutdownHook]: HikariPool-3 - Shutdown completed.
2022-07-18 09:30:49,476 INFO c.u.l.LogisticParametersWebServiceApplication [main]: Starting LogisticParametersWebServiceApplication using Java 17.0.3.1 on WS-100 with PID 32280 (C:\Users\m.lazarev\IdeaProjects\LogisticParametersWebService\target\classes started by m.lazarev in C:\Users\m.lazarev\IdeaProjects\LogisticParametersWebService)
2022-07-18 09:30:49,478 INFO c.u.l.LogisticParametersWebServiceApplication [main]: The following 1 profile is active: "dev"
2022-07-18 09:30:49,812 INFO o.s.d.r.c.RepositoryConfigurationDelegate [main]: Bootstrapping Spring Data JPA repositories in DEFAULT mode.
2022-07-18 09:30:49,821 INFO o.s.d.r.c.RepositoryConfigurationDelegate [main]: Finished Spring Data repository scanning in 4 ms. Found 0 JPA repository interfaces.
2022-07-18 09:30:49,822 INFO o.s.d.r.c.RepositoryConfigurationDelegate [main]: Bootstrapping Spring Data JPA repositories in DEFAULT mode.
2022-07-18 09:30:49,850 INFO o.s.d.r.c.RepositoryConfigurationDelegate [main]: Finished Spring Data repository scanning in 27 ms. Found 4 JPA repository interfaces.
2022-07-18 09:30:49,851 INFO o.s.d.r.c.RepositoryConfigurationDelegate [main]: Bootstrapping Spring Data JPA repositories in DEFAULT mode.
2022-07-18 09:30:49,852 INFO o.s.d.r.c.RepositoryConfigurationDelegate [main]: Finished Spring Data repository scanning in 1 ms. Found 0 JPA repository interfaces.
2022-07-18 09:30:50,353 INFO o.s.b.w.e.tomcat.TomcatWebServer [main]: Tomcat initialized with port(s): 8080 (http)
2022-07-18 09:30:50,359 INFO o.a.catalina.core.StandardService [main]: Starting service [Tomcat]
2022-07-18 09:30:50,360 INFO o.a.catalina.core.StandardEngine [main]: Starting Servlet engine: [Apache Tomcat/9.0.63]
2022-07-18 09:30:50,443 INFO o.a.c.c.C.[Tomcat].[localhost].[/] [main]: Initializing Spring embedded WebApplicationContext
2022-07-18 09:30:50,443 INFO o.s.b.w.s.c.ServletWebServerApplicationContext [main]: Root WebApplicationContext: initialization completed in 934 ms
2022-07-18 09:30:50,597 INFO o.h.jpa.internal.util.LogHelper [main]: HHH000204: Processing PersistenceUnitInfo [name: default]
2022-07-18 09:30:50,628 INFO org.hibernate.Version [main]: HHH000412: Hibernate ORM core version 5.6.9.Final
2022-07-18 09:30:50,713 INFO o.h.annotations.common.Version [main]: HCANN000001: Hibernate Commons Annotations {5.1.2.Final}
2022-07-18 09:30:50,812 INFO com.zaxxer.hikari.HikariDataSource [main]: HikariPool-1 - Starting...
2022-07-18 09:30:51,054 INFO com.zaxxer.hikari.HikariDataSource [main]: HikariPool-1 - Start completed.
2022-07-18 09:30:51,064 INFO org.hibernate.dialect.Dialect [main]: HHH000400: Using dialect: org.hibernate.dialect.SQLServerDialect
2022-07-18 09:30:51,173 INFO o.h.e.t.j.p.i.JtaPlatformInitiator [main]: HHH000490: Using JtaPlatform implementation: [org.hibernate.engine.transaction.jta.platform.internal.NoJtaPlatform]
2022-07-18 09:30:51,180 INFO o.s.o.j.LocalContainerEntityManagerFactoryBean [main]: Initialized JPA EntityManagerFactory for persistence unit 'default'
2022-07-18 09:30:51,198 INFO o.h.jpa.internal.util.LogHelper [main]: HHH000204: Processing PersistenceUnitInfo [name: default]
2022-07-18 09:30:51,225 INFO com.zaxxer.hikari.HikariDataSource [main]: HikariPool-2 - Starting...
2022-07-18 09:30:51,331 INFO com.zaxxer.hikari.HikariDataSource [main]: HikariPool-2 - Start completed.
2022-07-18 09:30:51,334 INFO org.hibernate.dialect.Dialect [main]: HHH000400: Using dialect: org.hibernate.dialect.PostgreSQLDialect
2022-07-18 09:30:51,633 INFO o.h.e.t.j.p.i.JtaPlatformInitiator [main]: HHH000490: Using JtaPlatform implementation: [org.hibernate.engine.transaction.jta.platform.internal.NoJtaPlatform]
2022-07-18 09:30:51,634 INFO o.s.o.j.LocalContainerEntityManagerFactoryBean [main]: Initialized JPA EntityManagerFactory for persistence unit 'default'
2022-07-18 09:30:51,636 INFO o.h.jpa.internal.util.LogHelper [main]: HHH000204: Processing PersistenceUnitInfo [name: default]
2022-07-18 09:30:51,660 INFO com.zaxxer.hikari.HikariDataSource [main]: HikariPool-3 - Starting...
2022-07-18 09:30:51,688 INFO com.zaxxer.hikari.HikariDataSource [main]: HikariPool-3 - Start completed.
2022-07-18 09:30:51,688 INFO org.hibernate.dialect.Dialect [main]: HHH000400: Using dialect: org.hibernate.dialect.SQLServerDialect
2022-07-18 09:30:51,709 INFO o.h.e.t.j.p.i.JtaPlatformInitiator [main]: HHH000490: Using JtaPlatform implementation: [org.hibernate.engine.transaction.jta.platform.internal.NoJtaPlatform]
2022-07-18 09:30:51,710 INFO o.s.o.j.LocalContainerEntityManagerFactoryBean [main]: Initialized JPA EntityManagerFactory for persistence unit 'default'
2022-07-18 09:30:52,132 WARN o.s.b.a.o.j.JpaBaseConfiguration$JpaWebConfiguration [main]: spring.jpa.open-in-view is enabled by default. Therefore, database queries may be performed during view rendering. Explicitly configure spring.jpa.open-in-view to disable this warning
2022-07-18 09:30:52,387 INFO o.s.b.w.e.tomcat.TomcatWebServer [main]: Tomcat started on port(s): 8080 (http) with context path ''
2022-07-18 09:30:52,402 INFO c.u.l.LogisticParametersWebServiceApplication [main]: Started LogisticParametersWebServiceApplication in 3.295 seconds (JVM running for 3.719)
2022-07-18 09:30:55,732 INFO o.a.c.c.C.[Tomcat].[localhost].[/] [http-nio-8080-exec-2]: Initializing Spring DispatcherServlet 'dispatcherServlet'
2022-07-18 09:30:55,732 INFO o.s.web.servlet.DispatcherServlet [http-nio-8080-exec-2]: Initializing Servlet 'dispatcherServlet'
2022-07-18 09:30:55,733 INFO o.s.web.servlet.DispatcherServlet [http-nio-8080-exec-2]: Completed initialization in 1 ms
2022-07-18 09:33:41,870 INFO o.s.o.j.LocalContainerEntityManagerFactoryBean [SpringApplicationShutdownHook]: Closing JPA EntityManagerFactory for persistence unit 'default'
2022-07-18 09:33:41,871 INFO o.s.o.j.LocalContainerEntityManagerFactoryBean [SpringApplicationShutdownHook]: Closing JPA EntityManagerFactory for persistence unit 'default'
2022-07-18 09:33:41,871 INFO com.zaxxer.hikari.HikariDataSource [SpringApplicationShutdownHook]: HikariPool-2 - Shutdown initiated...
2022-07-18 09:33:41,874 INFO com.zaxxer.hikari.HikariDataSource [SpringApplicationShutdownHook]: HikariPool-2 - Shutdown completed.
2022-07-18 09:33:41,874 INFO o.s.o.j.LocalContainerEntityManagerFactoryBean [SpringApplicationShutdownHook]: Closing JPA EntityManagerFactory for persistence unit 'default'
2022-07-18 09:33:41,875 INFO com.zaxxer.hikari.HikariDataSource [SpringApplicationShutdownHook]: HikariPool-1 - Shutdown initiated...
2022-07-18 09:33:41,882 INFO com.zaxxer.hikari.HikariDataSource [SpringApplicationShutdownHook]: HikariPool-1 - Shutdown completed.
2022-07-18 09:33:41,883 INFO com.zaxxer.hikari.HikariDataSource [SpringApplicationShutdownHook]: HikariPool-3 - Shutdown initiated...
2022-07-18 09:33:41,885 INFO com.zaxxer.hikari.HikariDataSource [SpringApplicationShutdownHook]: HikariPool-3 - Shutdown completed.
2022-07-18 09:39:59,139 INFO c.u.l.LogisticParametersWebServiceApplication [main]: Starting LogisticParametersWebServiceApplication using Java 17.0.3.1 on WS-100 with PID 32556 (C:\Users\m.lazarev\IdeaProjects\LogisticParametersWebService\target\classes started by m.lazarev in C:\Users\m.lazarev\IdeaProjects\LogisticParametersWebService)
2022-07-18 09:39:59,141 INFO c.u.l.LogisticParametersWebServiceApplication [main]: The following 1 profile is active: "dev"
2022-07-18 09:39:59,461 INFO o.s.d.r.c.RepositoryConfigurationDelegate [main]: Bootstrapping Spring Data JPA repositories in DEFAULT mode.
2022-07-18 09:39:59,472 INFO o.s.d.r.c.RepositoryConfigurationDelegate [main]: Finished Spring Data repository scanning in 3 ms. Found 0 JPA repository interfaces.
2022-07-18 09:39:59,473 INFO o.s.d.r.c.RepositoryConfigurationDelegate [main]: Bootstrapping Spring Data JPA repositories in DEFAULT mode.
2022-07-18 09:39:59,501 INFO o.s.d.r.c.RepositoryConfigurationDelegate [main]: Finished Spring Data repository scanning in 27 ms. Found 4 JPA repository interfaces.
2022-07-18 09:39:59,501 INFO o.s.d.r.c.RepositoryConfigurationDelegate [main]: Bootstrapping Spring Data JPA repositories in DEFAULT mode.
2022-07-18 09:39:59,503 INFO o.s.d.r.c.RepositoryConfigurationDelegate [main]: Finished Spring Data repository scanning in 1 ms. Found 0 JPA repository interfaces.
2022-07-18 09:39:59,996 INFO o.s.b.w.e.tomcat.TomcatWebServer [main]: Tomcat initialized with port(s): 8080 (http)
2022-07-18 09:40:00,002 INFO o.a.catalina.core.StandardService [main]: Starting service [Tomcat]
2022-07-18 09:40:00,003 INFO o.a.catalina.core.StandardEngine [main]: Starting Servlet engine: [Apache Tomcat/9.0.63]
2022-07-18 09:40:00,085 INFO o.a.c.c.C.[Tomcat].[localhost].[/] [main]: Initializing Spring embedded WebApplicationContext
2022-07-18 09:40:00,086 INFO o.s.b.w.s.c.ServletWebServerApplicationContext [main]: Root WebApplicationContext: initialization completed in 919 ms
2022-07-18 09:40:00,252 INFO o.h.jpa.internal.util.LogHelper [main]: HHH000204: Processing PersistenceUnitInfo [name: default]
2022-07-18 09:40:00,285 INFO org.hibernate.Version [main]: HHH000412: Hibernate ORM core version 5.6.9.Final
2022-07-18 09:40:00,369 INFO o.h.annotations.common.Version [main]: HCANN000001: Hibernate Commons Annotations {5.1.2.Final}
2022-07-18 09:40:00,470 INFO com.zaxxer.hikari.HikariDataSource [main]: HikariPool-1 - Starting...
2022-07-18 09:40:00,754 INFO com.zaxxer.hikari.HikariDataSource [main]: HikariPool-1 - Start completed.
2022-07-18 09:40:00,763 INFO org.hibernate.dialect.Dialect [main]: HHH000400: Using dialect: org.hibernate.dialect.SQLServerDialect
2022-07-18 09:40:00,867 INFO o.h.e.t.j.p.i.JtaPlatformInitiator [main]: HHH000490: Using JtaPlatform implementation: [org.hibernate.engine.transaction.jta.platform.internal.NoJtaPlatform]
2022-07-18 09:40:00,875 INFO o.s.o.j.LocalContainerEntityManagerFactoryBean [main]: Initialized JPA EntityManagerFactory for persistence unit 'default'
2022-07-18 09:40:00,890 INFO o.h.jpa.internal.util.LogHelper [main]: HHH000204: Processing PersistenceUnitInfo [name: default]
2022-07-18 09:40:00,917 INFO com.zaxxer.hikari.HikariDataSource [main]: HikariPool-2 - Starting...
2022-07-18 09:40:01,024 INFO com.zaxxer.hikari.HikariDataSource [main]: HikariPool-2 - Start completed.
2022-07-18 09:40:01,028 INFO org.hibernate.dialect.Dialect [main]: HHH000400: Using dialect: org.hibernate.dialect.PostgreSQLDialect
2022-07-18 09:40:01,324 INFO o.h.e.t.j.p.i.JtaPlatformInitiator [main]: HHH000490: Using JtaPlatform implementation: [org.hibernate.engine.transaction.jta.platform.internal.NoJtaPlatform]
2022-07-18 09:40:01,325 INFO o.s.o.j.LocalContainerEntityManagerFactoryBean [main]: Initialized JPA EntityManagerFactory for persistence unit 'default'
2022-07-18 09:40:01,327 INFO o.h.jpa.internal.util.LogHelper [main]: HHH000204: Processing PersistenceUnitInfo [name: default]
2022-07-18 09:40:01,351 INFO com.zaxxer.hikari.HikariDataSource [main]: HikariPool-3 - Starting...
2022-07-18 09:40:01,375 INFO com.zaxxer.hikari.HikariDataSource [main]: HikariPool-3 - Start completed.
2022-07-18 09:40:01,376 INFO org.hibernate.dialect.Dialect [main]: HHH000400: Using dialect: org.hibernate.dialect.SQLServerDialect
2022-07-18 09:40:01,386 INFO o.h.e.t.j.p.i.JtaPlatformInitiator [main]: HHH000490: Using JtaPlatform implementation: [org.hibernate.engine.transaction.jta.platform.internal.NoJtaPlatform]
2022-07-18 09:40:01,386 INFO o.s.o.j.LocalContainerEntityManagerFactoryBean [main]: Initialized JPA EntityManagerFactory for persistence unit 'default'
2022-07-18 09:40:01,780 WARN o.s.b.w.s.c.AnnotationConfigServletWebServerApplicationContext [main]: Exception encountered during context initialization - cancelling refresh attempt: org.springframework.beans.factory.BeanCreationException: Error creating bean with name 'scheduleStationHandbook' defined in file [C:\Users\m.lazarev\IdeaProjects\LogisticParametersWebService\target\classes\com\uraltrans\logisticparamservice\service\schedule\ScheduleStationHandbook.class]: Initialization of bean failed; nested exception is java.lang.IllegalStateException: Encountered invalid @Scheduled method 'loadStationHandbook': Cron expression must consist of 6 fields (found 1 in "05:00:00")
2022-07-18 09:40:01,781 INFO o.s.o.j.LocalContainerEntityManagerFactoryBean [main]: Closing JPA EntityManagerFactory for persistence unit 'default'
2022-07-18 09:40:01,781 INFO o.s.o.j.LocalContainerEntityManagerFactoryBean [main]: Closing JPA EntityManagerFactory for persistence unit 'default'
2022-07-18 09:40:01,782 INFO com.zaxxer.hikari.HikariDataSource [main]: HikariPool-2 - Shutdown initiated...
2022-07-18 09:40:01,784 INFO com.zaxxer.hikari.HikariDataSource [main]: HikariPool-2 - Shutdown completed.
2022-07-18 09:40:01,785 INFO o.s.o.j.LocalContainerEntityManagerFactoryBean [main]: Closing JPA EntityManagerFactory for persistence unit 'default'
2022-07-18 09:40:01,785 INFO com.zaxxer.hikari.HikariDataSource [main]: HikariPool-1 - Shutdown initiated...
2022-07-18 09:40:01,789 INFO com.zaxxer.hikari.HikariDataSource [main]: HikariPool-1 - Shutdown completed.
2022-07-18 09:40:01,790 INFO com.zaxxer.hikari.HikariDataSource [main]: HikariPool-3 - Shutdown initiated...
2022-07-18 09:40:01,856 INFO com.zaxxer.hikari.HikariDataSource [main]: HikariPool-3 - Shutdown completed.
2022-07-18 09:40:01,858 INFO o.a.catalina.core.StandardService [main]: Stopping service [Tomcat]
2022-07-18 09:40:01,866 INFO o.s.b.a.l.ConditionEvaluationReportLoggingListener [main]: 

Error starting ApplicationContext. To display the conditions report re-run your application with 'debug' enabled.
2022-07-18 09:40:01,887 ERROR o.s.boot.SpringApplication [main]: Application run failed
org.springframework.beans.factory.BeanCreationException: Error creating bean with name 'scheduleStationHandbook' defined in file [C:\Users\m.lazarev\IdeaProjects\LogisticParametersWebService\target\classes\com\uraltrans\logisticparamservice\service\schedule\ScheduleStationHandbook.class]: Initialization of bean failed; nested exception is java.lang.IllegalStateException: Encountered invalid @Scheduled method 'loadStationHandbook': Cron expression must consist of 6 fields (found 1 in "05:00:00")
	at org.springframework.beans.factory.support.AbstractAutowireCapableBeanFactory.doCreateBean(AbstractAutowireCapableBeanFactory.java:628)
	at org.springframework.beans.factory.support.AbstractAutowireCapableBeanFactory.createBean(AbstractAutowireCapableBeanFactory.java:542)
	at org.springframework.beans.factory.support.AbstractBeanFactory.lambda$doGetBean$0(AbstractBeanFactory.java:335)
	at org.springframework.beans.factory.support.DefaultSingletonBeanRegistry.getSingleton(DefaultSingletonBeanRegistry.java:234)
	at org.springframework.beans.factory.support.AbstractBeanFactory.doGetBean(AbstractBeanFactory.java:333)
	at org.springframework.beans.factory.support.AbstractBeanFactory.getBean(AbstractBeanFactory.java:208)
	at org.springframework.beans.factory.support.DefaultListableBeanFactory.preInstantiateSingletons(DefaultListableBeanFactory.java:953)
	at org.springframework.context.support.AbstractApplicationContext.finishBeanFactoryInitialization(AbstractApplicationContext.java:918)
	at org.springframework.context.support.AbstractApplicationContext.refresh(AbstractApplicationContext.java:583)
	at org.springframework.boot.web.servlet.context.ServletWebServerApplicationContext.refresh(ServletWebServerApplicationContext.java:147)
	at org.springframework.boot.SpringApplication.refresh(SpringApplication.java:734)
	at org.springframework.boot.SpringApplication.refreshContext(SpringApplication.java:408)
	at org.springframework.boot.SpringApplication.run(SpringApplication.java:308)
	at org.springframework.boot.SpringApplication.run(SpringApplication.java:1306)
	at org.springframework.boot.SpringApplication.run(SpringApplication.java:1295)
	at com.uraltrans.logisticparamservice.LogisticParametersWebServiceApplication.main(LogisticParametersWebServiceApplication.java:18)
Caused by: java.lang.IllegalStateException: Encountered invalid @Scheduled method 'loadStationHandbook': Cron expression must consist of 6 fields (found 1 in "05:00:00")
	at org.springframework.scheduling.annotation.ScheduledAnnotationBeanPostProcessor.processScheduled(ScheduledAnnotationBeanPostProcessor.java:518)
	at org.springframework.scheduling.annotation.ScheduledAnnotationBeanPostProcessor.lambda$null$1(ScheduledAnnotationBeanPostProcessor.java:380)
	at java.base/java.lang.Iterable.forEach(Iterable.java:75)
	at org.springframework.scheduling.annotation.ScheduledAnnotationBeanPostProcessor.lambda$postProcessAfterInitialization$2(ScheduledAnnotationBeanPostProcessor.java:380)
	at java.base/java.util.LinkedHashMap.forEach(LinkedHashMap.java:721)
	at org.springframework.scheduling.annotation.ScheduledAnnotationBeanPostProcessor.postProcessAfterInitialization(ScheduledAnnotationBeanPostProcessor.java:379)
	at org.springframework.beans.factory.support.AbstractAutowireCapableBeanFactory.applyBeanPostProcessorsAfterInitialization(AbstractAutowireCapableBeanFactory.java:455)
	at org.springframework.beans.factory.support.AbstractAutowireCapableBeanFactory.initializeBean(AbstractAutowireCapableBeanFactory.java:1808)
	at org.springframework.beans.factory.support.AbstractAutowireCapableBeanFactory.doCreateBean(AbstractAutowireCapableBeanFactory.java:620)
	... 15 common frames omitted
2022-07-18 09:41:55,826 INFO c.u.l.LogisticParametersWebServiceApplication [main]: Starting LogisticParametersWebServiceApplication using Java 17.0.3.1 on WS-100 with PID 29664 (C:\Users\m.lazarev\IdeaProjects\LogisticParametersWebService\target\classes started by m.lazarev in C:\Users\m.lazarev\IdeaProjects\LogisticParametersWebService)
2022-07-18 09:41:55,828 INFO c.u.l.LogisticParametersWebServiceApplication [main]: The following 1 profile is active: "dev"
2022-07-18 09:41:56,161 INFO o.s.d.r.c.RepositoryConfigurationDelegate [main]: Bootstrapping Spring Data JPA repositories in DEFAULT mode.
2022-07-18 09:41:56,170 INFO o.s.d.r.c.RepositoryConfigurationDelegate [main]: Finished Spring Data repository scanning in 4 ms. Found 0 JPA repository interfaces.
2022-07-18 09:41:56,171 INFO o.s.d.r.c.RepositoryConfigurationDelegate [main]: Bootstrapping Spring Data JPA repositories in DEFAULT mode.
2022-07-18 09:41:56,199 INFO o.s.d.r.c.RepositoryConfigurationDelegate [main]: Finished Spring Data repository scanning in 27 ms. Found 4 JPA repository interfaces.
2022-07-18 09:41:56,200 INFO o.s.d.r.c.RepositoryConfigurationDelegate [main]: Bootstrapping Spring Data JPA repositories in DEFAULT mode.
2022-07-18 09:41:56,201 INFO o.s.d.r.c.RepositoryConfigurationDelegate [main]: Finished Spring Data repository scanning in 1 ms. Found 0 JPA repository interfaces.
2022-07-18 09:41:56,697 INFO o.s.b.w.e.tomcat.TomcatWebServer [main]: Tomcat initialized with port(s): 8080 (http)
2022-07-18 09:41:56,703 INFO o.a.catalina.core.StandardService [main]: Starting service [Tomcat]
2022-07-18 09:41:56,704 INFO o.a.catalina.core.StandardEngine [main]: Starting Servlet engine: [Apache Tomcat/9.0.63]
2022-07-18 09:41:56,781 INFO o.a.c.c.C.[Tomcat].[localhost].[/] [main]: Initializing Spring embedded WebApplicationContext
2022-07-18 09:41:56,782 INFO o.s.b.w.s.c.ServletWebServerApplicationContext [main]: Root WebApplicationContext: initialization completed in 927 ms
2022-07-18 09:41:56,943 INFO o.h.jpa.internal.util.LogHelper [main]: HHH000204: Processing PersistenceUnitInfo [name: default]
2022-07-18 09:41:56,973 INFO org.hibernate.Version [main]: HHH000412: Hibernate ORM core version 5.6.9.Final
2022-07-18 09:41:57,058 INFO o.h.annotations.common.Version [main]: HCANN000001: Hibernate Commons Annotations {5.1.2.Final}
2022-07-18 09:41:57,158 INFO com.zaxxer.hikari.HikariDataSource [main]: HikariPool-1 - Starting...
2022-07-18 09:41:57,423 INFO com.zaxxer.hikari.HikariDataSource [main]: HikariPool-1 - Start completed.
2022-07-18 09:41:57,432 INFO org.hibernate.dialect.Dialect [main]: HHH000400: Using dialect: org.hibernate.dialect.SQLServerDialect
2022-07-18 09:41:57,532 INFO o.h.e.t.j.p.i.JtaPlatformInitiator [main]: HHH000490: Using JtaPlatform implementation: [org.hibernate.engine.transaction.jta.platform.internal.NoJtaPlatform]
2022-07-18 09:41:57,538 INFO o.s.o.j.LocalContainerEntityManagerFactoryBean [main]: Initialized JPA EntityManagerFactory for persistence unit 'default'
2022-07-18 09:41:57,553 INFO o.h.jpa.internal.util.LogHelper [main]: HHH000204: Processing PersistenceUnitInfo [name: default]
2022-07-18 09:41:57,580 INFO com.zaxxer.hikari.HikariDataSource [main]: HikariPool-2 - Starting...
2022-07-18 09:41:57,801 INFO com.zaxxer.hikari.HikariDataSource [main]: HikariPool-2 - Start completed.
2022-07-18 09:41:57,804 INFO org.hibernate.dialect.Dialect [main]: HHH000400: Using dialect: org.hibernate.dialect.PostgreSQLDialect
2022-07-18 09:41:58,095 INFO o.h.e.t.j.p.i.JtaPlatformInitiator [main]: HHH000490: Using JtaPlatform implementation: [org.hibernate.engine.transaction.jta.platform.internal.NoJtaPlatform]
2022-07-18 09:41:58,095 INFO o.s.o.j.LocalContainerEntityManagerFactoryBean [main]: Initialized JPA EntityManagerFactory for persistence unit 'default'
2022-07-18 09:41:58,097 INFO o.h.jpa.internal.util.LogHelper [main]: HHH000204: Processing PersistenceUnitInfo [name: default]
2022-07-18 09:41:58,122 INFO com.zaxxer.hikari.HikariDataSource [main]: HikariPool-3 - Starting...
2022-07-18 09:41:58,144 INFO com.zaxxer.hikari.HikariDataSource [main]: HikariPool-3 - Start completed.
2022-07-18 09:41:58,145 INFO org.hibernate.dialect.Dialect [main]: HHH000400: Using dialect: org.hibernate.dialect.SQLServerDialect
2022-07-18 09:41:58,154 INFO o.h.e.t.j.p.i.JtaPlatformInitiator [main]: HHH000490: Using JtaPlatform implementation: [org.hibernate.engine.transaction.jta.platform.internal.NoJtaPlatform]
2022-07-18 09:41:58,155 INFO o.s.o.j.LocalContainerEntityManagerFactoryBean [main]: Initialized JPA EntityManagerFactory for persistence unit 'default'
2022-07-18 09:41:58,550 WARN o.s.b.w.s.c.AnnotationConfigServletWebServerApplicationContext [main]: Exception encountered during context initialization - cancelling refresh attempt: org.springframework.beans.factory.BeanCreationException: Error creating bean with name 'scheduleStationHandbook' defined in file [C:\Users\m.lazarev\IdeaProjects\LogisticParametersWebService\target\classes\com\uraltrans\logisticparamservice\service\schedule\ScheduleStationHandbook.class]: Initialization of bean failed; nested exception is java.lang.IllegalStateException: Encountered invalid @Scheduled method 'loadStationHandbook': Cron expression must consist of 6 fields (found 5 in "0 5 * * *")
2022-07-18 09:41:58,551 INFO o.s.o.j.LocalContainerEntityManagerFactoryBean [main]: Closing JPA EntityManagerFactory for persistence unit 'default'
2022-07-18 09:41:58,552 INFO o.s.o.j.LocalContainerEntityManagerFactoryBean [main]: Closing JPA EntityManagerFactory for persistence unit 'default'
2022-07-18 09:41:58,552 INFO com.zaxxer.hikari.HikariDataSource [main]: HikariPool-2 - Shutdown initiated...
2022-07-18 09:41:58,554 INFO com.zaxxer.hikari.HikariDataSource [main]: HikariPool-2 - Shutdown completed.
2022-07-18 09:41:58,555 INFO o.s.o.j.LocalContainerEntityManagerFactoryBean [main]: Closing JPA EntityManagerFactory for persistence unit 'default'
2022-07-18 09:41:58,555 INFO com.zaxxer.hikari.HikariDataSource [main]: HikariPool-1 - Shutdown initiated...
2022-07-18 09:41:58,559 INFO com.zaxxer.hikari.HikariDataSource [main]: HikariPool-1 - Shutdown completed.
2022-07-18 09:41:58,559 INFO com.zaxxer.hikari.HikariDataSource [main]: HikariPool-3 - Shutdown initiated...
2022-07-18 09:41:58,568 INFO com.zaxxer.hikari.HikariDataSource [main]: HikariPool-3 - Shutdown completed.
2022-07-18 09:41:58,569 INFO o.a.catalina.core.StandardService [main]: Stopping service [Tomcat]
2022-07-18 09:41:58,577 INFO o.s.b.a.l.ConditionEvaluationReportLoggingListener [main]: 

Error starting ApplicationContext. To display the conditions report re-run your application with 'debug' enabled.
2022-07-18 09:41:58,593 ERROR o.s.boot.SpringApplication [main]: Application run failed
org.springframework.beans.factory.BeanCreationException: Error creating bean with name 'scheduleStationHandbook' defined in file [C:\Users\m.lazarev\IdeaProjects\LogisticParametersWebService\target\classes\com\uraltrans\logisticparamservice\service\schedule\ScheduleStationHandbook.class]: Initialization of bean failed; nested exception is java.lang.IllegalStateException: Encountered invalid @Scheduled method 'loadStationHandbook': Cron expression must consist of 6 fields (found 5 in "0 5 * * *")
	at org.springframework.beans.factory.support.AbstractAutowireCapableBeanFactory.doCreateBean(AbstractAutowireCapableBeanFactory.java:628)
	at org.springframework.beans.factory.support.AbstractAutowireCapableBeanFactory.createBean(AbstractAutowireCapableBeanFactory.java:542)
	at org.springframework.beans.factory.support.AbstractBeanFactory.lambda$doGetBean$0(AbstractBeanFactory.java:335)
	at org.springframework.beans.factory.support.DefaultSingletonBeanRegistry.getSingleton(DefaultSingletonBeanRegistry.java:234)
	at org.springframework.beans.factory.support.AbstractBeanFactory.doGetBean(AbstractBeanFactory.java:333)
	at org.springframework.beans.factory.support.AbstractBeanFactory.getBean(AbstractBeanFactory.java:208)
	at org.springframework.beans.factory.support.DefaultListableBeanFactory.preInstantiateSingletons(DefaultListableBeanFactory.java:953)
	at org.springframework.context.support.AbstractApplicationContext.finishBeanFactoryInitialization(AbstractApplicationContext.java:918)
	at org.springframework.context.support.AbstractApplicationContext.refresh(AbstractApplicationContext.java:583)
	at org.springframework.boot.web.servlet.context.ServletWebServerApplicationContext.refresh(ServletWebServerApplicationContext.java:147)
	at org.springframework.boot.SpringApplication.refresh(SpringApplication.java:734)
	at org.springframework.boot.SpringApplication.refreshContext(SpringApplication.java:408)
	at org.springframework.boot.SpringApplication.run(SpringApplication.java:308)
	at org.springframework.boot.SpringApplication.run(SpringApplication.java:1306)
	at org.springframework.boot.SpringApplication.run(SpringApplication.java:1295)
	at com.uraltrans.logisticparamservice.LogisticParametersWebServiceApplication.main(LogisticParametersWebServiceApplication.java:18)
Caused by: java.lang.IllegalStateException: Encountered invalid @Scheduled method 'loadStationHandbook': Cron expression must consist of 6 fields (found 5 in "0 5 * * *")
	at org.springframework.scheduling.annotation.ScheduledAnnotationBeanPostProcessor.processScheduled(ScheduledAnnotationBeanPostProcessor.java:518)
	at org.springframework.scheduling.annotation.ScheduledAnnotationBeanPostProcessor.lambda$null$1(ScheduledAnnotationBeanPostProcessor.java:380)
	at java.base/java.lang.Iterable.forEach(Iterable.java:75)
	at org.springframework.scheduling.annotation.ScheduledAnnotationBeanPostProcessor.lambda$postProcessAfterInitialization$2(ScheduledAnnotationBeanPostProcessor.java:380)
	at java.base/java.util.LinkedHashMap.forEach(LinkedHashMap.java:721)
	at org.springframework.scheduling.annotation.ScheduledAnnotationBeanPostProcessor.postProcessAfterInitialization(ScheduledAnnotationBeanPostProcessor.java:379)
	at org.springframework.beans.factory.support.AbstractAutowireCapableBeanFactory.applyBeanPostProcessorsAfterInitialization(AbstractAutowireCapableBeanFactory.java:455)
	at org.springframework.beans.factory.support.AbstractAutowireCapableBeanFactory.initializeBean(AbstractAutowireCapableBeanFactory.java:1808)
	at org.springframework.beans.factory.support.AbstractAutowireCapableBeanFactory.doCreateBean(AbstractAutowireCapableBeanFactory.java:620)
	... 15 common frames omitted
2022-07-18 09:44:05,694 INFO c.u.l.LogisticParametersWebServiceApplication [main]: Starting LogisticParametersWebServiceApplication using Java 17.0.3.1 on WS-100 with PID 8800 (C:\Users\m.lazarev\IdeaProjects\LogisticParametersWebService\target\classes started by m.lazarev in C:\Users\m.lazarev\IdeaProjects\LogisticParametersWebService)
2022-07-18 09:44:05,697 INFO c.u.l.LogisticParametersWebServiceApplication [main]: The following 1 profile is active: "dev"
2022-07-18 09:44:06,025 INFO o.s.d.r.c.RepositoryConfigurationDelegate [main]: Bootstrapping Spring Data JPA repositories in DEFAULT mode.
2022-07-18 09:44:06,035 INFO o.s.d.r.c.RepositoryConfigurationDelegate [main]: Finished Spring Data repository scanning in 3 ms. Found 0 JPA repository interfaces.
2022-07-18 09:44:06,036 INFO o.s.d.r.c.RepositoryConfigurationDelegate [main]: Bootstrapping Spring Data JPA repositories in DEFAULT mode.
2022-07-18 09:44:06,063 INFO o.s.d.r.c.RepositoryConfigurationDelegate [main]: Finished Spring Data repository scanning in 27 ms. Found 4 JPA repository interfaces.
2022-07-18 09:44:06,064 INFO o.s.d.r.c.RepositoryConfigurationDelegate [main]: Bootstrapping Spring Data JPA repositories in DEFAULT mode.
2022-07-18 09:44:06,065 INFO o.s.d.r.c.RepositoryConfigurationDelegate [main]: Finished Spring Data repository scanning in 1 ms. Found 0 JPA repository interfaces.
2022-07-18 09:44:06,583 INFO o.s.b.w.e.tomcat.TomcatWebServer [main]: Tomcat initialized with port(s): 8080 (http)
2022-07-18 09:44:06,589 INFO o.a.catalina.core.StandardService [main]: Starting service [Tomcat]
2022-07-18 09:44:06,589 INFO o.a.catalina.core.StandardEngine [main]: Starting Servlet engine: [Apache Tomcat/9.0.63]
2022-07-18 09:44:06,668 INFO o.a.c.c.C.[Tomcat].[localhost].[/] [main]: Initializing Spring embedded WebApplicationContext
2022-07-18 09:44:06,668 INFO o.s.b.w.s.c.ServletWebServerApplicationContext [main]: Root WebApplicationContext: initialization completed in 943 ms
2022-07-18 09:44:06,826 INFO o.h.jpa.internal.util.LogHelper [main]: HHH000204: Processing PersistenceUnitInfo [name: default]
2022-07-18 09:44:06,856 INFO org.hibernate.Version [main]: HHH000412: Hibernate ORM core version 5.6.9.Final
2022-07-18 09:44:06,945 INFO o.h.annotations.common.Version [main]: HCANN000001: Hibernate Commons Annotations {5.1.2.Final}
2022-07-18 09:44:07,048 INFO com.zaxxer.hikari.HikariDataSource [main]: HikariPool-1 - Starting...
2022-07-18 09:44:07,258 INFO com.zaxxer.hikari.HikariDataSource [main]: HikariPool-1 - Start completed.
2022-07-18 09:44:07,268 INFO org.hibernate.dialect.Dialect [main]: HHH000400: Using dialect: org.hibernate.dialect.SQLServerDialect
2022-07-18 09:44:07,370 INFO o.h.e.t.j.p.i.JtaPlatformInitiator [main]: HHH000490: Using JtaPlatform implementation: [org.hibernate.engine.transaction.jta.platform.internal.NoJtaPlatform]
2022-07-18 09:44:07,377 INFO o.s.o.j.LocalContainerEntityManagerFactoryBean [main]: Initialized JPA EntityManagerFactory for persistence unit 'default'
2022-07-18 09:44:07,392 INFO o.h.jpa.internal.util.LogHelper [main]: HHH000204: Processing PersistenceUnitInfo [name: default]
2022-07-18 09:44:07,419 INFO com.zaxxer.hikari.HikariDataSource [main]: HikariPool-2 - Starting...
2022-07-18 09:44:07,523 INFO com.zaxxer.hikari.HikariDataSource [main]: HikariPool-2 - Start completed.
2022-07-18 09:44:07,528 INFO org.hibernate.dialect.Dialect [main]: HHH000400: Using dialect: org.hibernate.dialect.PostgreSQLDialect
2022-07-18 09:44:07,826 INFO o.h.e.t.j.p.i.JtaPlatformInitiator [main]: HHH000490: Using JtaPlatform implementation: [org.hibernate.engine.transaction.jta.platform.internal.NoJtaPlatform]
2022-07-18 09:44:07,827 INFO o.s.o.j.LocalContainerEntityManagerFactoryBean [main]: Initialized JPA EntityManagerFactory for persistence unit 'default'
2022-07-18 09:44:07,829 INFO o.h.jpa.internal.util.LogHelper [main]: HHH000204: Processing PersistenceUnitInfo [name: default]
2022-07-18 09:44:07,854 INFO com.zaxxer.hikari.HikariDataSource [main]: HikariPool-3 - Starting...
2022-07-18 09:44:07,880 INFO com.zaxxer.hikari.HikariDataSource [main]: HikariPool-3 - Start completed.
2022-07-18 09:44:07,880 INFO org.hibernate.dialect.Dialect [main]: HHH000400: Using dialect: org.hibernate.dialect.SQLServerDialect
2022-07-18 09:44:07,891 INFO o.h.e.t.j.p.i.JtaPlatformInitiator [main]: HHH000490: Using JtaPlatform implementation: [org.hibernate.engine.transaction.jta.platform.internal.NoJtaPlatform]
2022-07-18 09:44:07,892 INFO o.s.o.j.LocalContainerEntityManagerFactoryBean [main]: Initialized JPA EntityManagerFactory for persistence unit 'default'
2022-07-18 09:44:08,367 WARN o.s.b.a.o.j.JpaBaseConfiguration$JpaWebConfiguration [main]: spring.jpa.open-in-view is enabled by default. Therefore, database queries may be performed during view rendering. Explicitly configure spring.jpa.open-in-view to disable this warning
2022-07-18 09:44:08,631 INFO o.s.b.w.e.tomcat.TomcatWebServer [main]: Tomcat started on port(s): 8080 (http) with context path ''
2022-07-18 09:44:08,644 INFO c.u.l.LogisticParametersWebServiceApplication [main]: Started LogisticParametersWebServiceApplication in 3.302 seconds (JVM running for 3.728)
2022-07-18 09:44:22,533 INFO o.s.o.j.LocalContainerEntityManagerFactoryBean [SpringApplicationShutdownHook]: Closing JPA EntityManagerFactory for persistence unit 'default'
2022-07-18 09:44:22,534 INFO o.s.o.j.LocalContainerEntityManagerFactoryBean [SpringApplicationShutdownHook]: Closing JPA EntityManagerFactory for persistence unit 'default'
2022-07-18 09:44:22,534 INFO com.zaxxer.hikari.HikariDataSource [SpringApplicationShutdownHook]: HikariPool-2 - Shutdown initiated...
2022-07-18 09:44:22,537 INFO com.zaxxer.hikari.HikariDataSource [SpringApplicationShutdownHook]: HikariPool-2 - Shutdown completed.
2022-07-18 09:44:22,537 INFO o.s.o.j.LocalContainerEntityManagerFactoryBean [SpringApplicationShutdownHook]: Closing JPA EntityManagerFactory for persistence unit 'default'
2022-07-18 09:44:22,538 INFO com.zaxxer.hikari.HikariDataSource [SpringApplicationShutdownHook]: HikariPool-1 - Shutdown initiated...
2022-07-18 09:44:22,542 INFO com.zaxxer.hikari.HikariDataSource [SpringApplicationShutdownHook]: HikariPool-1 - Shutdown completed.
2022-07-18 09:44:22,543 INFO com.zaxxer.hikari.HikariDataSource [SpringApplicationShutdownHook]: HikariPool-3 - Shutdown initiated...
2022-07-18 09:44:22,547 INFO com.zaxxer.hikari.HikariDataSource [SpringApplicationShutdownHook]: HikariPool-3 - Shutdown completed.
2022-07-18 09:44:25,980 INFO c.u.l.LogisticParametersWebServiceApplication [main]: Starting LogisticParametersWebServiceApplication using Java 17.0.3.1 on WS-100 with PID 32400 (C:\Users\m.lazarev\IdeaProjects\LogisticParametersWebService\target\classes started by m.lazarev in C:\Users\m.lazarev\IdeaProjects\LogisticParametersWebService)
2022-07-18 09:44:25,982 INFO c.u.l.LogisticParametersWebServiceApplication [main]: The following 1 profile is active: "dev"
2022-07-18 09:44:26,309 INFO o.s.d.r.c.RepositoryConfigurationDelegate [main]: Bootstrapping Spring Data JPA repositories in DEFAULT mode.
2022-07-18 09:44:26,321 INFO o.s.d.r.c.RepositoryConfigurationDelegate [main]: Finished Spring Data repository scanning in 4 ms. Found 0 JPA repository interfaces.
2022-07-18 09:44:26,321 INFO o.s.d.r.c.RepositoryConfigurationDelegate [main]: Bootstrapping Spring Data JPA repositories in DEFAULT mode.
2022-07-18 09:44:26,352 INFO o.s.d.r.c.RepositoryConfigurationDelegate [main]: Finished Spring Data repository scanning in 30 ms. Found 4 JPA repository interfaces.
2022-07-18 09:44:26,353 INFO o.s.d.r.c.RepositoryConfigurationDelegate [main]: Bootstrapping Spring Data JPA repositories in DEFAULT mode.
2022-07-18 09:44:26,354 INFO o.s.d.r.c.RepositoryConfigurationDelegate [main]: Finished Spring Data repository scanning in 1 ms. Found 0 JPA repository interfaces.
2022-07-18 09:44:26,845 INFO o.s.b.w.e.tomcat.TomcatWebServer [main]: Tomcat initialized with port(s): 8080 (http)
2022-07-18 09:44:26,851 INFO o.a.catalina.core.StandardService [main]: Starting service [Tomcat]
2022-07-18 09:44:26,851 INFO o.a.catalina.core.StandardEngine [main]: Starting Servlet engine: [Apache Tomcat/9.0.63]
2022-07-18 09:44:26,936 INFO o.a.c.c.C.[Tomcat].[localhost].[/] [main]: Initializing Spring embedded WebApplicationContext
2022-07-18 09:44:26,937 INFO o.s.b.w.s.c.ServletWebServerApplicationContext [main]: Root WebApplicationContext: initialization completed in 926 ms
2022-07-18 09:44:27,094 INFO o.h.jpa.internal.util.LogHelper [main]: HHH000204: Processing PersistenceUnitInfo [name: default]
2022-07-18 09:44:27,123 INFO org.hibernate.Version [main]: HHH000412: Hibernate ORM core version 5.6.9.Final
2022-07-18 09:44:27,209 INFO o.h.annotations.common.Version [main]: HCANN000001: Hibernate Commons Annotations {5.1.2.Final}
2022-07-18 09:44:27,310 INFO com.zaxxer.hikari.HikariDataSource [main]: HikariPool-1 - Starting...
2022-07-18 09:44:27,530 INFO com.zaxxer.hikari.HikariDataSource [main]: HikariPool-1 - Start completed.
2022-07-18 09:44:27,540 INFO org.hibernate.dialect.Dialect [main]: HHH000400: Using dialect: org.hibernate.dialect.SQLServerDialect
2022-07-18 09:44:27,655 INFO o.h.e.t.j.p.i.JtaPlatformInitiator [main]: HHH000490: Using JtaPlatform implementation: [org.hibernate.engine.transaction.jta.platform.internal.NoJtaPlatform]
2022-07-18 09:44:27,662 INFO o.s.o.j.LocalContainerEntityManagerFactoryBean [main]: Initialized JPA EntityManagerFactory for persistence unit 'default'
2022-07-18 09:44:27,676 INFO o.h.jpa.internal.util.LogHelper [main]: HHH000204: Processing PersistenceUnitInfo [name: default]
2022-07-18 09:44:27,702 INFO com.zaxxer.hikari.HikariDataSource [main]: HikariPool-2 - Starting...
2022-07-18 09:44:27,807 INFO com.zaxxer.hikari.HikariDataSource [main]: HikariPool-2 - Start completed.
2022-07-18 09:44:27,811 INFO org.hibernate.dialect.Dialect [main]: HHH000400: Using dialect: org.hibernate.dialect.PostgreSQLDialect
2022-07-18 09:44:28,116 INFO o.h.e.t.j.p.i.JtaPlatformInitiator [main]: HHH000490: Using JtaPlatform implementation: [org.hibernate.engine.transaction.jta.platform.internal.NoJtaPlatform]
2022-07-18 09:44:28,116 INFO o.s.o.j.LocalContainerEntityManagerFactoryBean [main]: Initialized JPA EntityManagerFactory for persistence unit 'default'
2022-07-18 09:44:28,118 INFO o.h.jpa.internal.util.LogHelper [main]: HHH000204: Processing PersistenceUnitInfo [name: default]
2022-07-18 09:44:28,143 INFO com.zaxxer.hikari.HikariDataSource [main]: HikariPool-3 - Starting...
2022-07-18 09:44:28,169 INFO com.zaxxer.hikari.HikariDataSource [main]: HikariPool-3 - Start completed.
2022-07-18 09:44:28,169 INFO org.hibernate.dialect.Dialect [main]: HHH000400: Using dialect: org.hibernate.dialect.SQLServerDialect
2022-07-18 09:44:28,180 INFO o.h.e.t.j.p.i.JtaPlatformInitiator [main]: HHH000490: Using JtaPlatform implementation: [org.hibernate.engine.transaction.jta.platform.internal.NoJtaPlatform]
2022-07-18 09:44:28,180 INFO o.s.o.j.LocalContainerEntityManagerFactoryBean [main]: Initialized JPA EntityManagerFactory for persistence unit 'default'
2022-07-18 09:44:28,626 WARN o.s.b.a.o.j.JpaBaseConfiguration$JpaWebConfiguration [main]: spring.jpa.open-in-view is enabled by default. Therefore, database queries may be performed during view rendering. Explicitly configure spring.jpa.open-in-view to disable this warning
2022-07-18 09:44:28,881 INFO o.s.b.w.e.tomcat.TomcatWebServer [main]: Tomcat started on port(s): 8080 (http) with context path ''
2022-07-18 09:44:28,894 INFO c.u.l.LogisticParametersWebServiceApplication [main]: Started LogisticParametersWebServiceApplication in 3.268 seconds (JVM running for 3.702)
2022-07-18 09:45:00,291 WARN o.h.e.jdbc.spi.SqlExceptionHelper [pool-2-thread-1]: SQL Error: 0, SQLState: 23502
2022-07-18 09:45:00,291 ERROR o.h.e.jdbc.spi.SqlExceptionHelper [pool-2-thread-1]: :  NULL   "id"  "station_handbook"   NOT NULL
  :    (null, 01000, 010002, null, null,  , , ).
2022-07-18 09:45:00,302 ERROR o.s.s.s.TaskUtils$LoggingErrorHandler [pool-2-thread-1]: Unexpected error occurred in scheduled task
org.springframework.dao.DataIntegrityViolationException: could not execute statement; SQL [n/a]; constraint [null]; nested exception is org.hibernate.exception.ConstraintViolationException: could not execute statement
	at org.springframework.orm.jpa.vendor.HibernateJpaDialect.convertHibernateAccessException(HibernateJpaDialect.java:276)
	at org.springframework.orm.jpa.vendor.HibernateJpaDialect.translateExceptionIfPossible(HibernateJpaDialect.java:233)
	at org.springframework.orm.jpa.AbstractEntityManagerFactoryBean.translateExceptionIfPossible(AbstractEntityManagerFactoryBean.java:551)
	at org.springframework.dao.support.ChainedPersistenceExceptionTranslator.translateExceptionIfPossible(ChainedPersistenceExceptionTranslator.java:61)
	at org.springframework.dao.support.DataAccessUtils.translateIfNecessary(DataAccessUtils.java:242)
	at org.springframework.dao.support.PersistenceExceptionTranslationInterceptor.invoke(PersistenceExceptionTranslationInterceptor.java:152)
	at org.springframework.aop.framework.ReflectiveMethodInvocation.proceed(ReflectiveMethodInvocation.java:186)
	at org.springframework.data.jpa.repository.support.CrudMethodMetadataPostProcessor$CrudMethodMetadataPopulatingMethodInterceptor.invoke(CrudMethodMetadataPostProcessor.java:174)
	at org.springframework.aop.framework.ReflectiveMethodInvocation.proceed(ReflectiveMethodInvocation.java:186)
	at org.springframework.aop.interceptor.ExposeInvocationInterceptor.invoke(ExposeInvocationInterceptor.java:97)
	at org.springframework.aop.framework.ReflectiveMethodInvocation.proceed(ReflectiveMethodInvocation.java:186)
	at org.springframework.aop.framework.JdkDynamicAopProxy.invoke(JdkDynamicAopProxy.java:215)
	at jdk.proxy2/jdk.proxy2.$Proxy114.saveAll(Unknown Source)
	at com.uraltrans.logisticparamservice.service.postgres.impl.StationHandbookServiceImpl.saveAll(StationHandbookServiceImpl.java:27)
	at com.uraltrans.logisticparamservice.service.postgres.impl.StationHandbookServiceImpl$$FastClassBySpringCGLIB$$8fa8a286.invoke(<generated>)
	at org.springframework.cglib.proxy.MethodProxy.invoke(MethodProxy.java:218)
	at org.springframework.aop.framework.CglibAopProxy$CglibMethodInvocation.invokeJoinpoint(CglibAopProxy.java:793)
	at org.springframework.aop.framework.ReflectiveMethodInvocation.proceed(ReflectiveMethodInvocation.java:163)
	at org.springframework.aop.framework.CglibAopProxy$CglibMethodInvocation.proceed(CglibAopProxy.java:763)
	at org.springframework.transaction.interceptor.TransactionInterceptor$1.proceedWithInvocation(TransactionInterceptor.java:123)
	at org.springframework.transaction.interceptor.TransactionAspectSupport.invokeWithinTransaction(TransactionAspectSupport.java:388)
	at org.springframework.transaction.interceptor.TransactionInterceptor.invoke(TransactionInterceptor.java:119)
	at org.springframework.aop.framework.ReflectiveMethodInvocation.proceed(ReflectiveMethodInvocation.java:186)
	at org.springframework.aop.framework.CglibAopProxy$CglibMethodInvocation.proceed(CglibAopProxy.java:763)
	at org.springframework.aop.framework.CglibAopProxy$DynamicAdvisedInterceptor.intercept(CglibAopProxy.java:708)
	at com.uraltrans.logisticparamservice.service.postgres.impl.StationHandbookServiceImpl$$EnhancerBySpringCGLIB$$777bafa1.saveAll(<generated>)
	at com.uraltrans.logisticparamservice.service.schedule.ScheduleStationHandbook.loadStationHandbook(ScheduleStationHandbook.java:15)
	at java.base/jdk.internal.reflect.NativeMethodAccessorImpl.invoke0(Native Method)
	at java.base/jdk.internal.reflect.NativeMethodAccessorImpl.invoke(NativeMethodAccessorImpl.java:77)
	at java.base/jdk.internal.reflect.DelegatingMethodAccessorImpl.invoke(DelegatingMethodAccessorImpl.java:43)
	at java.base/java.lang.reflect.Method.invoke(Method.java:568)
	at org.springframework.scheduling.support.ScheduledMethodRunnable.run(ScheduledMethodRunnable.java:84)
	at org.springframework.scheduling.support.DelegatingErrorHandlingRunnable.run(DelegatingErrorHandlingRunnable.java:54)
	at org.springframework.scheduling.concurrent.ReschedulingRunnable.run(ReschedulingRunnable.java:95)
	at java.base/java.util.concurrent.Executors$RunnableAdapter.call(Executors.java:539)
	at java.base/java.util.concurrent.FutureTask.run(FutureTask.java:264)
	at java.base/java.util.concurrent.ScheduledThreadPoolExecutor$ScheduledFutureTask.run(ScheduledThreadPoolExecutor.java:304)
	at java.base/java.util.concurrent.ThreadPoolExecutor.runWorker(ThreadPoolExecutor.java:1136)
	at java.base/java.util.concurrent.ThreadPoolExecutor$Worker.run(ThreadPoolExecutor.java:635)
	at java.base/java.lang.Thread.run(Thread.java:833)
Caused by: org.hibernate.exception.ConstraintViolationException: could not execute statement
	at org.hibernate.exception.internal.SQLStateConversionDelegate.convert(SQLStateConversionDelegate.java:109)
	at org.hibernate.exception.internal.StandardSQLExceptionConverter.convert(StandardSQLExceptionConverter.java:37)
	at org.hibernate.engine.jdbc.spi.SqlExceptionHelper.convert(SqlExceptionHelper.java:113)
	at org.hibernate.engine.jdbc.spi.SqlExceptionHelper.convert(SqlExceptionHelper.java:99)
	at org.hibernate.engine.jdbc.internal.ResultSetReturnImpl.executeUpdate(ResultSetReturnImpl.java:200)
	at org.hibernate.dialect.identity.GetGeneratedKeysDelegate.executeAndExtract(GetGeneratedKeysDelegate.java:58)
	at org.hibernate.id.insert.AbstractReturningDelegate.performInsert(AbstractReturningDelegate.java:43)
	at org.hibernate.persister.entity.AbstractEntityPersister.insert(AbstractEntityPersister.java:3279)
	at org.hibernate.persister.entity.AbstractEntityPersister.insert(AbstractEntityPersister.java:3885)
	at org.hibernate.action.internal.EntityIdentityInsertAction.execute(EntityIdentityInsertAction.java:84)
	at org.hibernate.engine.spi.ActionQueue.execute(ActionQueue.java:645)
	at org.hibernate.engine.spi.ActionQueue.addResolvedEntityInsertAction(ActionQueue.java:282)
	at org.hibernate.engine.spi.ActionQueue.addInsertAction(ActionQueue.java:263)
	at org.hibernate.engine.spi.ActionQueue.addAction(ActionQueue.java:317)
	at org.hibernate.event.internal.AbstractSaveEventListener.addInsertAction(AbstractSaveEventListener.java:330)
	at org.hibernate.event.internal.AbstractSaveEventListener.performSaveOrReplicate(AbstractSaveEventListener.java:287)
	at org.hibernate.event.internal.AbstractSaveEventListener.performSave(AbstractSaveEventListener.java:193)
	at org.hibernate.event.internal.AbstractSaveEventListener.saveWithGeneratedId(AbstractSaveEventListener.java:123)
	at org.hibernate.event.internal.DefaultPersistEventListener.entityIsTransient(DefaultPersistEventListener.java:185)
	at org.hibernate.event.internal.DefaultPersistEventListener.onPersist(DefaultPersistEventListener.java:128)
	at org.hibernate.event.internal.DefaultPersistEventListener.onPersist(DefaultPersistEventListener.java:55)
	at org.hibernate.event.service.internal.EventListenerGroupImpl.fireEventOnEachListener(EventListenerGroupImpl.java:107)
	at org.hibernate.internal.SessionImpl.firePersist(SessionImpl.java:756)
	at org.hibernate.internal.SessionImpl.persist(SessionImpl.java:742)
	at java.base/jdk.internal.reflect.NativeMethodAccessorImpl.invoke0(Native Method)
	at java.base/jdk.internal.reflect.NativeMethodAccessorImpl.invoke(NativeMethodAccessorImpl.java:77)
	at java.base/jdk.internal.reflect.DelegatingMethodAccessorImpl.invoke(DelegatingMethodAccessorImpl.java:43)
	at java.base/java.lang.reflect.Method.invoke(Method.java:568)
	at org.springframework.orm.jpa.SharedEntityManagerCreator$SharedEntityManagerInvocationHandler.invoke(SharedEntityManagerCreator.java:311)
	at jdk.proxy2/jdk.proxy2.$Proxy101.persist(Unknown Source)
	at org.springframework.data.jpa.repository.support.SimpleJpaRepository.save(SimpleJpaRepository.java:666)
	at org.springframework.data.jpa.repository.support.SimpleJpaRepository.saveAll(SimpleJpaRepository.java:700)
	at org.springframework.data.jpa.repository.support.SimpleJpaRepository.saveAll(SimpleJpaRepository.java:88)
	at java.base/jdk.internal.reflect.NativeMethodAccessorImpl.invoke0(Native Method)
	at java.base/jdk.internal.reflect.NativeMethodAccessorImpl.invoke(NativeMethodAccessorImpl.java:77)
	at java.base/jdk.internal.reflect.DelegatingMethodAccessorImpl.invoke(DelegatingMethodAccessorImpl.java:43)
	at java.base/java.lang.reflect.Method.invoke(Method.java:568)
	at org.springframework.data.repository.core.support.RepositoryMethodInvoker$RepositoryFragmentMethodInvoker.lambda$new$0(RepositoryMethodInvoker.java:289)
	at org.springframework.data.repository.core.support.RepositoryMethodInvoker.doInvoke(RepositoryMethodInvoker.java:137)
	at org.springframework.data.repository.core.support.RepositoryMethodInvoker.invoke(RepositoryMethodInvoker.java:121)
	at org.springframework.data.repository.core.support.RepositoryComposition$RepositoryFragments.invoke(RepositoryComposition.java:529)
	at org.springframework.data.repository.core.support.RepositoryComposition.invoke(RepositoryComposition.java:285)
	at org.springframework.data.repository.core.support.RepositoryFactorySupport$ImplementationMethodExecutionInterceptor.invoke(RepositoryFactorySupport.java:639)
	at org.springframework.aop.framework.ReflectiveMethodInvocation.proceed(ReflectiveMethodInvocation.java:186)
	at org.springframework.data.repository.core.support.QueryExecutorMethodInterceptor.doInvoke(QueryExecutorMethodInterceptor.java:163)
	at org.springframework.data.repository.core.support.QueryExecutorMethodInterceptor.invoke(QueryExecutorMethodInterceptor.java:138)
	at org.springframework.aop.framework.ReflectiveMethodInvocation.proceed(ReflectiveMethodInvocation.java:186)
	at org.springframework.data.projection.DefaultMethodInvokingMethodInterceptor.invoke(DefaultMethodInvokingMethodInterceptor.java:80)
	at org.springframework.aop.framework.ReflectiveMethodInvocation.proceed(ReflectiveMethodInvocation.java:186)
	at org.springframework.transaction.interceptor.TransactionInterceptor$1.proceedWithInvocation(TransactionInterceptor.java:123)
	at org.springframework.transaction.interceptor.TransactionAspectSupport.invokeWithinTransaction(TransactionAspectSupport.java:388)
	at org.springframework.transaction.interceptor.TransactionInterceptor.invoke(TransactionInterceptor.java:119)
	at org.springframework.aop.framework.ReflectiveMethodInvocation.proceed(ReflectiveMethodInvocation.java:186)
	at org.springframework.dao.support.PersistenceExceptionTranslationInterceptor.invoke(PersistenceExceptionTranslationInterceptor.java:137)
	... 34 common frames omitted
Caused by: org.postgresql.util.PSQLException: :  NULL   "id"  "station_handbook"   NOT NULL
  :    (null, 01000, 010002, null, null,  , , ).
	at org.postgresql.core.v3.QueryExecutorImpl.receiveErrorResponse(QueryExecutorImpl.java:2675)
	at org.postgresql.core.v3.QueryExecutorImpl.processResults(QueryExecutorImpl.java:2365)
	at org.postgresql.core.v3.QueryExecutorImpl.execute(QueryExecutorImpl.java:355)
	at org.postgresql.jdbc.PgStatement.executeInternal(PgStatement.java:490)
	at org.postgresql.jdbc.PgStatement.execute(PgStatement.java:408)
	at org.postgresql.jdbc.PgPreparedStatement.executeWithFlags(PgPreparedStatement.java:167)
	at org.postgresql.jdbc.PgPreparedStatement.executeUpdate(PgPreparedStatement.java:135)
	at com.zaxxer.hikari.pool.ProxyPreparedStatement.executeUpdate(ProxyPreparedStatement.java:61)
	at com.zaxxer.hikari.pool.HikariProxyPreparedStatement.executeUpdate(HikariProxyPreparedStatement.java)
	at org.hibernate.engine.jdbc.internal.ResultSetReturnImpl.executeUpdate(ResultSetReturnImpl.java:197)
	... 83 common frames omitted
2022-07-18 09:45:11,268 INFO o.s.o.j.LocalContainerEntityManagerFactoryBean [SpringApplicationShutdownHook]: Closing JPA EntityManagerFactory for persistence unit 'default'
2022-07-18 09:45:11,269 INFO o.s.o.j.LocalContainerEntityManagerFactoryBean [SpringApplicationShutdownHook]: Closing JPA EntityManagerFactory for persistence unit 'default'
2022-07-18 09:45:11,269 INFO com.zaxxer.hikari.HikariDataSource [SpringApplicationShutdownHook]: HikariPool-2 - Shutdown initiated...
2022-07-18 09:45:11,272 INFO com.zaxxer.hikari.HikariDataSource [SpringApplicationShutdownHook]: HikariPool-2 - Shutdown completed.
2022-07-18 09:45:11,272 INFO o.s.o.j.LocalContainerEntityManagerFactoryBean [SpringApplicationShutdownHook]: Closing JPA EntityManagerFactory for persistence unit 'default'
2022-07-18 09:45:11,273 INFO com.zaxxer.hikari.HikariDataSource [SpringApplicationShutdownHook]: HikariPool-1 - Shutdown initiated...
2022-07-18 09:45:11,276 INFO com.zaxxer.hikari.HikariDataSource [SpringApplicationShutdownHook]: HikariPool-1 - Shutdown completed.
2022-07-18 09:45:11,277 INFO com.zaxxer.hikari.HikariDataSource [SpringApplicationShutdownHook]: HikariPool-3 - Shutdown initiated...
2022-07-18 09:45:11,279 INFO com.zaxxer.hikari.HikariDataSource [SpringApplicationShutdownHook]: HikariPool-3 - Shutdown completed.
2022-07-18 09:45:38,433 INFO c.u.l.LogisticParametersWebServiceApplication [main]: Starting LogisticParametersWebServiceApplication using Java 17.0.3.1 on WS-100 with PID 27704 (C:\Users\m.lazarev\IdeaProjects\LogisticParametersWebService\target\classes started by m.lazarev in C:\Users\m.lazarev\IdeaProjects\LogisticParametersWebService)
2022-07-18 09:45:38,436 INFO c.u.l.LogisticParametersWebServiceApplication [main]: The following 1 profile is active: "dev"
2022-07-18 09:45:38,775 INFO o.s.d.r.c.RepositoryConfigurationDelegate [main]: Bootstrapping Spring Data JPA repositories in DEFAULT mode.
2022-07-18 09:45:38,785 INFO o.s.d.r.c.RepositoryConfigurationDelegate [main]: Finished Spring Data repository scanning in 4 ms. Found 0 JPA repository interfaces.
2022-07-18 09:45:38,786 INFO o.s.d.r.c.RepositoryConfigurationDelegate [main]: Bootstrapping Spring Data JPA repositories in DEFAULT mode.
2022-07-18 09:45:38,818 INFO o.s.d.r.c.RepositoryConfigurationDelegate [main]: Finished Spring Data repository scanning in 31 ms. Found 4 JPA repository interfaces.
2022-07-18 09:45:38,818 INFO o.s.d.r.c.RepositoryConfigurationDelegate [main]: Bootstrapping Spring Data JPA repositories in DEFAULT mode.
2022-07-18 09:45:38,820 INFO o.s.d.r.c.RepositoryConfigurationDelegate [main]: Finished Spring Data repository scanning in 1 ms. Found 0 JPA repository interfaces.
2022-07-18 09:45:39,328 INFO o.s.b.w.e.tomcat.TomcatWebServer [main]: Tomcat initialized with port(s): 8080 (http)
2022-07-18 09:45:39,334 INFO o.a.catalina.core.StandardService [main]: Starting service [Tomcat]
2022-07-18 09:45:39,334 INFO o.a.catalina.core.StandardEngine [main]: Starting Servlet engine: [Apache Tomcat/9.0.63]
2022-07-18 09:45:39,412 INFO o.a.c.c.C.[Tomcat].[localhost].[/] [main]: Initializing Spring embedded WebApplicationContext
2022-07-18 09:45:39,413 INFO o.s.b.w.s.c.ServletWebServerApplicationContext [main]: Root WebApplicationContext: initialization completed in 948 ms
2022-07-18 09:45:39,571 INFO o.h.jpa.internal.util.LogHelper [main]: HHH000204: Processing PersistenceUnitInfo [name: default]
2022-07-18 09:45:39,600 INFO org.hibernate.Version [main]: HHH000412: Hibernate ORM core version 5.6.9.Final
2022-07-18 09:45:39,686 INFO o.h.annotations.common.Version [main]: HCANN000001: Hibernate Commons Annotations {5.1.2.Final}
2022-07-18 09:45:39,787 INFO com.zaxxer.hikari.HikariDataSource [main]: HikariPool-1 - Starting...
2022-07-18 09:45:40,014 INFO com.zaxxer.hikari.HikariDataSource [main]: HikariPool-1 - Start completed.
2022-07-18 09:45:40,025 INFO org.hibernate.dialect.Dialect [main]: HHH000400: Using dialect: org.hibernate.dialect.SQLServerDialect
2022-07-18 09:45:40,123 INFO o.h.e.t.j.p.i.JtaPlatformInitiator [main]: HHH000490: Using JtaPlatform implementation: [org.hibernate.engine.transaction.jta.platform.internal.NoJtaPlatform]
2022-07-18 09:45:40,130 INFO o.s.o.j.LocalContainerEntityManagerFactoryBean [main]: Initialized JPA EntityManagerFactory for persistence unit 'default'
2022-07-18 09:45:40,145 INFO o.h.jpa.internal.util.LogHelper [main]: HHH000204: Processing PersistenceUnitInfo [name: default]
2022-07-18 09:45:40,173 INFO com.zaxxer.hikari.HikariDataSource [main]: HikariPool-2 - Starting...
2022-07-18 09:45:40,392 INFO com.zaxxer.hikari.HikariDataSource [main]: HikariPool-2 - Start completed.
2022-07-18 09:45:40,395 INFO org.hibernate.dialect.Dialect [main]: HHH000400: Using dialect: org.hibernate.dialect.PostgreSQLDialect
2022-07-18 09:45:40,705 INFO o.h.e.t.j.p.i.JtaPlatformInitiator [main]: HHH000490: Using JtaPlatform implementation: [org.hibernate.engine.transaction.jta.platform.internal.NoJtaPlatform]
2022-07-18 09:45:40,706 INFO o.s.o.j.LocalContainerEntityManagerFactoryBean [main]: Initialized JPA EntityManagerFactory for persistence unit 'default'
2022-07-18 09:45:40,708 INFO o.h.jpa.internal.util.LogHelper [main]: HHH000204: Processing PersistenceUnitInfo [name: default]
2022-07-18 09:45:40,735 INFO com.zaxxer.hikari.HikariDataSource [main]: HikariPool-3 - Starting...
2022-07-18 09:45:40,762 INFO com.zaxxer.hikari.HikariDataSource [main]: HikariPool-3 - Start completed.
2022-07-18 09:45:40,762 INFO org.hibernate.dialect.Dialect [main]: HHH000400: Using dialect: org.hibernate.dialect.SQLServerDialect
2022-07-18 09:45:40,773 INFO o.h.e.t.j.p.i.JtaPlatformInitiator [main]: HHH000490: Using JtaPlatform implementation: [org.hibernate.engine.transaction.jta.platform.internal.NoJtaPlatform]
2022-07-18 09:45:40,773 INFO o.s.o.j.LocalContainerEntityManagerFactoryBean [main]: Initialized JPA EntityManagerFactory for persistence unit 'default'
2022-07-18 09:45:41,212 WARN o.s.b.a.o.j.JpaBaseConfiguration$JpaWebConfiguration [main]: spring.jpa.open-in-view is enabled by default. Therefore, database queries may be performed during view rendering. Explicitly configure spring.jpa.open-in-view to disable this warning
2022-07-18 09:45:41,475 INFO o.s.b.w.e.tomcat.TomcatWebServer [main]: Tomcat started on port(s): 8080 (http) with context path ''
2022-07-18 09:45:41,487 INFO c.u.l.LogisticParametersWebServiceApplication [main]: Started LogisticParametersWebServiceApplication in 3.41 seconds (JVM running for 3.838)
2022-07-18 09:46:28,442 INFO o.s.o.j.LocalContainerEntityManagerFactoryBean [SpringApplicationShutdownHook]: Closing JPA EntityManagerFactory for persistence unit 'default'
2022-07-18 09:46:28,443 INFO o.s.o.j.LocalContainerEntityManagerFactoryBean [SpringApplicationShutdownHook]: Closing JPA EntityManagerFactory for persistence unit 'default'
2022-07-18 09:46:28,444 INFO com.zaxxer.hikari.HikariDataSource [SpringApplicationShutdownHook]: HikariPool-2 - Shutdown initiated...
2022-07-18 09:46:28,446 INFO com.zaxxer.hikari.HikariDataSource [SpringApplicationShutdownHook]: HikariPool-2 - Shutdown completed.
2022-07-18 09:46:28,447 INFO o.s.o.j.LocalContainerEntityManagerFactoryBean [SpringApplicationShutdownHook]: Closing JPA EntityManagerFactory for persistence unit 'default'
2022-07-18 09:46:28,447 INFO com.zaxxer.hikari.HikariDataSource [SpringApplicationShutdownHook]: HikariPool-1 - Shutdown initiated...
2022-07-18 09:46:28,451 INFO com.zaxxer.hikari.HikariDataSource [SpringApplicationShutdownHook]: HikariPool-1 - Shutdown completed.
2022-07-18 09:46:28,451 INFO com.zaxxer.hikari.HikariDataSource [SpringApplicationShutdownHook]: HikariPool-3 - Shutdown initiated...
2022-07-18 09:46:28,454 INFO com.zaxxer.hikari.HikariDataSource [SpringApplicationShutdownHook]: HikariPool-3 - Shutdown completed.
2022-07-18 10:21:12,860 INFO c.u.l.LogisticParametersWebServiceApplication [main]: Starting LogisticParametersWebServiceApplication using Java 17.0.3.1 on WS-100 with PID 25816 (C:\Users\m.lazarev\IdeaProjects\LogisticParametersWebService\target\classes started by m.lazarev in C:\Users\m.lazarev\IdeaProjects\LogisticParametersWebService)
2022-07-18 10:21:12,862 INFO c.u.l.LogisticParametersWebServiceApplication [main]: The following 1 profile is active: "dev"
2022-07-18 10:21:13,237 INFO o.s.d.r.c.RepositoryConfigurationDelegate [main]: Bootstrapping Spring Data JPA repositories in DEFAULT mode.
2022-07-18 10:21:13,250 INFO o.s.d.r.c.RepositoryConfigurationDelegate [main]: Finished Spring Data repository scanning in 4 ms. Found 0 JPA repository interfaces.
2022-07-18 10:21:13,251 INFO o.s.d.r.c.RepositoryConfigurationDelegate [main]: Bootstrapping Spring Data JPA repositories in DEFAULT mode.
2022-07-18 10:21:13,296 INFO o.s.d.r.c.RepositoryConfigurationDelegate [main]: Finished Spring Data repository scanning in 43 ms. Found 4 JPA repository interfaces.
2022-07-18 10:21:13,296 INFO o.s.d.r.c.RepositoryConfigurationDelegate [main]: Bootstrapping Spring Data JPA repositories in DEFAULT mode.
2022-07-18 10:21:13,298 INFO o.s.d.r.c.RepositoryConfigurationDelegate [main]: Finished Spring Data repository scanning in 1 ms. Found 0 JPA repository interfaces.
2022-07-18 10:21:13,854 INFO o.s.b.w.e.tomcat.TomcatWebServer [main]: Tomcat initialized with port(s): 8080 (http)
2022-07-18 10:21:13,862 INFO o.a.catalina.core.StandardService [main]: Starting service [Tomcat]
2022-07-18 10:21:13,862 INFO o.a.catalina.core.StandardEngine [main]: Starting Servlet engine: [Apache Tomcat/9.0.63]
2022-07-18 10:21:13,950 INFO o.a.c.c.C.[Tomcat].[localhost].[/] [main]: Initializing Spring embedded WebApplicationContext
2022-07-18 10:21:13,951 INFO o.s.b.w.s.c.ServletWebServerApplicationContext [main]: Root WebApplicationContext: initialization completed in 1057 ms
2022-07-18 10:21:14,158 INFO o.h.jpa.internal.util.LogHelper [main]: HHH000204: Processing PersistenceUnitInfo [name: default]
2022-07-18 10:21:14,204 INFO org.hibernate.Version [main]: HHH000412: Hibernate ORM core version 5.6.9.Final
2022-07-18 10:21:14,328 INFO o.h.annotations.common.Version [main]: HCANN000001: Hibernate Commons Annotations {5.1.2.Final}
2022-07-18 10:21:14,453 INFO com.zaxxer.hikari.HikariDataSource [main]: HikariPool-1 - Starting...
2022-07-18 10:21:14,747 INFO com.zaxxer.hikari.HikariDataSource [main]: HikariPool-1 - Start completed.
2022-07-18 10:21:14,758 INFO org.hibernate.dialect.Dialect [main]: HHH000400: Using dialect: org.hibernate.dialect.SQLServerDialect
2022-07-18 10:21:14,884 INFO o.h.e.t.j.p.i.JtaPlatformInitiator [main]: HHH000490: Using JtaPlatform implementation: [org.hibernate.engine.transaction.jta.platform.internal.NoJtaPlatform]
2022-07-18 10:21:14,892 INFO o.s.o.j.LocalContainerEntityManagerFactoryBean [main]: Initialized JPA EntityManagerFactory for persistence unit 'default'
2022-07-18 10:21:14,908 INFO o.h.jpa.internal.util.LogHelper [main]: HHH000204: Processing PersistenceUnitInfo [name: default]
2022-07-18 10:21:14,934 INFO com.zaxxer.hikari.HikariDataSource [main]: HikariPool-2 - Starting...
2022-07-18 10:21:15,050 INFO com.zaxxer.hikari.HikariDataSource [main]: HikariPool-2 - Start completed.
2022-07-18 10:21:15,054 INFO org.hibernate.dialect.Dialect [main]: HHH000400: Using dialect: org.hibernate.dialect.PostgreSQLDialect
2022-07-18 10:21:15,431 INFO o.h.e.t.j.p.i.JtaPlatformInitiator [main]: HHH000490: Using JtaPlatform implementation: [org.hibernate.engine.transaction.jta.platform.internal.NoJtaPlatform]
2022-07-18 10:21:15,431 INFO o.s.o.j.LocalContainerEntityManagerFactoryBean [main]: Initialized JPA EntityManagerFactory for persistence unit 'default'
2022-07-18 10:21:15,433 INFO o.h.jpa.internal.util.LogHelper [main]: HHH000204: Processing PersistenceUnitInfo [name: default]
2022-07-18 10:21:15,460 INFO com.zaxxer.hikari.HikariDataSource [main]: HikariPool-3 - Starting...
2022-07-18 10:21:15,482 INFO com.zaxxer.hikari.HikariDataSource [main]: HikariPool-3 - Start completed.
2022-07-18 10:21:15,482 INFO org.hibernate.dialect.Dialect [main]: HHH000400: Using dialect: org.hibernate.dialect.SQLServerDialect
2022-07-18 10:21:15,492 INFO o.h.e.t.j.p.i.JtaPlatformInitiator [main]: HHH000490: Using JtaPlatform implementation: [org.hibernate.engine.transaction.jta.platform.internal.NoJtaPlatform]
2022-07-18 10:21:15,493 INFO o.s.o.j.LocalContainerEntityManagerFactoryBean [main]: Initialized JPA EntityManagerFactory for persistence unit 'default'
2022-07-18 10:21:15,938 WARN o.s.b.a.o.j.JpaBaseConfiguration$JpaWebConfiguration [main]: spring.jpa.open-in-view is enabled by default. Therefore, database queries may be performed during view rendering. Explicitly configure spring.jpa.open-in-view to disable this warning
2022-07-18 10:21:16,206 INFO o.s.b.w.e.tomcat.TomcatWebServer [main]: Tomcat started on port(s): 8080 (http) with context path ''
2022-07-18 10:21:16,223 INFO c.u.l.LogisticParametersWebServiceApplication [main]: Started LogisticParametersWebServiceApplication in 3.759 seconds (JVM running for 4.343)
2022-07-18 10:21:31,387 INFO o.a.c.c.C.[Tomcat].[localhost].[/] [http-nio-8080-exec-1]: Initializing Spring DispatcherServlet 'dispatcherServlet'
2022-07-18 10:21:31,387 INFO o.s.web.servlet.DispatcherServlet [http-nio-8080-exec-1]: Initializing Servlet 'dispatcherServlet'
2022-07-18 10:21:31,389 INFO o.s.web.servlet.DispatcherServlet [http-nio-8080-exec-1]: Completed initialization in 0 ms
2022-07-18 10:21:55,237 INFO c.u.l.aop.FlightControllerLogging [http-nio-8080-exec-4]:    2022-07-17  2022-07-18   2022-07-18 10:21:55   true
2022-07-18 10:21:55,438 INFO c.u.l.aop.FlightControllerLogging [http-nio-8080-exec-4]:    . : . .  = 0, . .  20, . .  = 0, . .  20   2022-07-18 10:21:55   true
2022-07-18 10:21:55,490 INFO c.u.l.aop.FlightControllerLogging [http-nio-8080-exec-4]:       . : . .  = 1.0, . .  = 60.0   2022-07-18 10:21:55   true
2022-07-18 10:23:35,369 INFO c.u.l.aop.FlightControllerLogging [http-nio-8080-exec-2]:    2022-07-13  2022-07-18   2022-07-18 10:23:35   true
2022-07-18 10:23:35,771 INFO c.u.l.aop.FlightControllerLogging [http-nio-8080-exec-2]:    . : . .  = 0, . .  20, . .  = 0, . .  20   2022-07-18 10:23:35   true
2022-07-18 10:23:35,901 INFO c.u.l.aop.FlightControllerLogging [http-nio-8080-exec-2]:       . : . .  = 1.0, . .  = 60.0   2022-07-18 10:23:35   true
2022-07-18 10:23:48,547 INFO c.u.l.aop.FlightControllerLogging [http-nio-8080-exec-10]:      2022-07-18 10:23:48   true
2022-07-18 10:24:03,173 INFO c.u.l.aop.FlightControllerLogging [http-nio-8080-exec-7]:          2022-07-18 10:24:03   true
2022-07-18 10:24:06,860 INFO c.u.l.aop.FlightControllerLogging [http-nio-8080-exec-6]:          2022-07-18 10:24:06   true
2022-07-18 10:24:22,213 INFO o.s.o.j.LocalContainerEntityManagerFactoryBean [SpringApplicationShutdownHook]: Closing JPA EntityManagerFactory for persistence unit 'default'
2022-07-18 10:24:22,215 INFO o.s.o.j.LocalContainerEntityManagerFactoryBean [SpringApplicationShutdownHook]: Closing JPA EntityManagerFactory for persistence unit 'default'
2022-07-18 10:24:22,215 INFO com.zaxxer.hikari.HikariDataSource [SpringApplicationShutdownHook]: HikariPool-2 - Shutdown initiated...
2022-07-18 10:24:22,218 INFO com.zaxxer.hikari.HikariDataSource [SpringApplicationShutdownHook]: HikariPool-2 - Shutdown completed.
2022-07-18 10:24:22,219 INFO o.s.o.j.LocalContainerEntityManagerFactoryBean [SpringApplicationShutdownHook]: Closing JPA EntityManagerFactory for persistence unit 'default'
2022-07-18 10:24:22,220 INFO com.zaxxer.hikari.HikariDataSource [SpringApplicationShutdownHook]: HikariPool-1 - Shutdown initiated...
2022-07-18 10:24:22,225 INFO com.zaxxer.hikari.HikariDataSource [SpringApplicationShutdownHook]: HikariPool-1 - Shutdown completed.
2022-07-18 10:24:22,226 INFO com.zaxxer.hikari.HikariDataSource [SpringApplicationShutdownHook]: HikariPool-3 - Shutdown initiated...
2022-07-18 10:24:22,228 INFO com.zaxxer.hikari.HikariDataSource [SpringApplicationShutdownHook]: HikariPool-3 - Shutdown completed.
